This is pdfeTeX, Version 3.141592-1.21a-2.2 (Web2C 7.5.4) (format=pdflatex 2006.8.12)  29 MAY 2007 14:45
entering extended mode
**main
(./main.tex
LaTeX2e <2003/12/01>
Babel <v3.8d> and hyphenation patterns for american, french, german, ngerman, b
ahasa, basque, bulgarian, catalan, croatian, czech, danish, dutch, esperanto, e
stonian, finnish, greek, icelandic, irish, italian, latin, magyar, norsk, polis
h, portuges, romanian, russian, serbian, slovak, slovene, spanish, swedish, tur
kish, ukrainian, nohyphenation, loaded.
(./mitthesis.cls
Document Class: mitthesis 1999/10/20
\vithesis=\count79
(/usr/share/texmf-tetex/tex/latex/base/report.cls
Document Class: report 2004/02/16 v1.4f Standard LaTeX document class
(/usr/share/texmf-tetex/tex/latex/base/size12.clo
File: size12.clo 2004/02/16 v1.4f Standard LaTeX file (size option)
)
\c@part=\count80
\c@chapter=\count81
\c@section=\count82
\c@subsection=\count83
\c@subsubsection=\count84
\c@paragraph=\count85
\c@subparagraph=\count86
\c@figure=\count87
\c@table=\count88
\abovecaptionskip=\skip41
\belowcaptionskip=\skip42
\bibindent=\dimen102
) (./setspace.sty
Package: setspace 2000/12/01 6.7 Contributed and Supported LaTeX2e package

Package: `setspace' 6.7 <2000/12/01>
)
Thesis document copyright MIT unless otherwise (manually) specified
\@titlesupervisor=\box26
\@abstractsupervisor=\box27
\c@savepage=\count89
) (./lgrind.sty
Package: lgrind 1997/01/30 v3.4 LGrind environment and supporting stuff
\lc@unt=\count90
\ln@xt=\count91
\LGnuminterval=\count92
\LGindent=\skip43
\LGsloppy=\skip44
\procbox=\box28
\ls@far=\box29
\tb@x=\box30
\TBw@d=\dimen103
\@ts=\dimen104
) (/usr/share/texmf-tetex/tex/latex/subfigure/subfigure.sty
Package: subfigure 2002/07/30 v2.1.4 subfigure package
\subfigtopskip=\skip45
\subfigcapskip=\skip46
\subfigcaptopadj=\dimen105
\subfigbottomskip=\skip47
\subfigcapmargin=\dimen106
\subfiglabelskip=\skip48
\c@subfigure=\count93
\c@lofdepth=\count94
\c@subtable=\count95
\c@lotdepth=\count96

****************************************
* Local config file subfigure.cfg used *
****************************************
(/usr/share/texmf-tetex/tex/latex/subfigure/subfigure.cfg)
\subfig@top=\skip49
\subfig@bottom=\skip50
)
(/usr/share/texmf-tetex/tex/latex/graphics/graphicx.sty
Package: graphicx 1999/02/16 v1.0f Enhanced LaTeX Graphics (DPC,SPQR)

(/usr/share/texmf-tetex/tex/latex/graphics/keyval.sty
Package: keyval 1999/03/16 v1.13 key=value parser (DPC)
\KV@toks@=\toks14
)
(/usr/share/texmf-tetex/tex/latex/graphics/graphics.sty
Package: graphics 2001/07/07 v1.0n Standard LaTeX Graphics (DPC,SPQR)

(/usr/share/texmf-tetex/tex/latex/graphics/trig.sty
Package: trig 1999/03/16 v1.09 sin cos tan (DPC)
)
(/usr/share/texmf-tetex/tex/latex/graphics/graphics.cfg
File: graphics.cfg 2005/02/03 v1.3 graphics configuration of teTeX/TeXLive
)
Package graphics Info: Driver file: pdftex.def on input line 80.

(/usr/share/texmf-tetex/tex/latex/graphics/pdftex.def
File: pdftex.def 2002/06/19 v0.03k graphics/color for pdftex
\Gread@gobject=\count97
))
\Gin@req@height=\dimen107
\Gin@req@width=\dimen108
)
(/usr/share/texmf-tetex/tex/latex/amsmath/amsmath.sty
Package: amsmath 2000/07/18 v2.13 AMS math features
\@mathmargin=\skip51

For additional information on amsmath, use the `?' option.
(/usr/share/texmf-tetex/tex/latex/amsmath/amstext.sty
Package: amstext 2000/06/29 v2.01

(/usr/share/texmf-tetex/tex/latex/amsmath/amsgen.sty
File: amsgen.sty 1999/11/30 v2.0
\@emptytoks=\toks15
\ex@=\dimen109
))
(/usr/share/texmf-tetex/tex/latex/amsmath/amsbsy.sty
Package: amsbsy 1999/11/29 v1.2d
\pmbraise@=\dimen110
)
(/usr/share/texmf-tetex/tex/latex/amsmath/amsopn.sty
Package: amsopn 1999/12/14 v2.01 operator names
)
\inf@bad=\count98
LaTeX Info: Redefining \frac on input line 211.
\uproot@=\count99
\leftroot@=\count100
LaTeX Info: Redefining \overline on input line 307.
\classnum@=\count101
\DOTSCASE@=\count102
LaTeX Info: Redefining \ldots on input line 379.
LaTeX Info: Redefining \dots on input line 382.
LaTeX Info: Redefining \cdots on input line 467.
\Mathstrutbox@=\box31
\strutbox@=\box32
\big@size=\dimen111
LaTeX Font Info:    Redeclaring font encoding OML on input line 567.
LaTeX Font Info:    Redeclaring font encoding OMS on input line 568.
\macc@depth=\count103
\c@MaxMatrixCols=\count104
\dotsspace@=\muskip10
\c@parentequation=\count105
\dspbrk@lvl=\count106
\tag@help=\toks16
\row@=\count107
\column@=\count108
\maxfields@=\count109
\andhelp@=\toks17
\eqnshift@=\dimen112
\alignsep@=\dimen113
\tagshift@=\dimen114
\tagwidth@=\dimen115
\totwidth@=\dimen116
\lineht@=\dimen117
\@envbody=\toks18
\multlinegap=\skip52
\multlinetaggap=\skip53
\mathdisplay@stack=\toks19
LaTeX Info: Redefining \[ on input line 2666.
LaTeX Info: Redefining \] on input line 2667.
)
(/usr/share/texmf-tetex/tex/latex/amsfonts/amsfonts.sty
Package: amsfonts 2001/10/25 v2.2f
\symAMSa=\mathgroup4
\symAMSb=\mathgroup5
LaTeX Font Info:    Overwriting math alphabet `\mathfrak' in version `bold'
(Font)                  U/euf/m/n --> U/euf/b/n on input line 132.
)
(/usr/share/texmf-tetex/tex/latex/amsfonts/amssymb.sty
Package: amssymb 2002/01/22 v2.2d
)
Enter file names to process, (chap1,chap2 ...), or `all' to process all files:

\files=all
Including all files.
(./main.aux (./cover.aux) (./contents.aux) (./chap1.aux) (./chap2.aux)
(./chap3.aux) (./chap4.aux) (./chap4a.aux) (./chap6.aux) (./appb.aux)
(./biblio.aux))
\openout1 = `main.aux'.

LaTeX Font Info:    Checking defaults for OML/cmm/m/it on input line 38.
LaTeX Font Info:    ... okay on input line 38.
LaTeX Font Info:    Checking defaults for T1/cmr/m/n on input line 38.
LaTeX Font Info:    ... okay on input line 38.
LaTeX Font Info:    Checking defaults for OT1/cmr/m/n on input line 38.
LaTeX Font Info:    ... okay on input line 38.
LaTeX Font Info:    Checking defaults for OMS/cmsy/m/n on input line 38.
LaTeX Font Info:    ... okay on input line 38.
LaTeX Font Info:    Checking defaults for OMX/cmex/m/n on input line 38.
LaTeX Font Info:    ... okay on input line 38.
LaTeX Font Info:    Checking defaults for U/cmr/m/n on input line 38.
LaTeX Font Info:    ... okay on input line 38.
 (/usr/share/texmf-tetex/tex/context/base/supp-pdf.tex
(/usr/share/texmf-tetex/tex/context/base/supp-mis.tex
loading : Context Support Macros / Miscellaneous (2004.10.26)
\protectiondepth=\count110
\scratchcounter=\count111
\scratchtoks=\toks20
\scratchdimen=\dimen118
\scratchskip=\skip54
\scratchmuskip=\muskip11
\scratchbox=\box33
\scratchread=\read1
\scratchwrite=\write3
\zeropoint=\dimen119
\onepoint=\dimen120
\onebasepoint=\dimen121
\minusone=\count112
\thousandpoint=\dimen122
\onerealpoint=\dimen123
\emptytoks=\toks21
\nextbox=\box34
\nextdepth=\dimen124
\everyline=\toks22
\!!counta=\count113
\!!countb=\count114
\recursecounter=\count115
)
loading : Context Support Macros / PDF (2004.03.26)
\nofMPsegments=\count116
\nofMParguments=\count117
\MPscratchCnt=\count118
\MPscratchDim=\dimen125
\MPnumerator=\count119
\everyMPtoPDFconversion=\toks23
)
\openout2 = `cover.aux'.

 (./cover.tex
LaTeX Font Info:    Try loading font information for OMS+cmr on input line 69.
 (/usr/share/texmf-tetex/tex/latex/base/omscmr.fd
File: omscmr.fd 1999/05/25 v2.5h Standard LaTeX font definitions
)
LaTeX Font Info:    Font shape `OMS/cmr/m/n' in size <14.4> not available
(Font)              Font shape `OMS/cmsy/m/n' tried instead on input line 69.
 [1



{/var/lib/texmf/fonts/map/pdftex/updmap/pdftex.map}] [2

] (./abstract.tex) [3

] [4

]) [5]
\openout2 = `contents.aux'.


(./contents.tex [6



] (./main.toc
LaTeX Font Info:    Try loading font information for U+msa on input line 3.

(/usr/share/texmf-tetex/tex/latex/amsfonts/umsa.fd
File: umsa.fd 2002/01/19 v2.2g AMS font definitions
)
LaTeX Font Info:    Try loading font information for U+msb on input line 3.

(/usr/share/texmf-tetex/tex/latex/amsfonts/umsb.fd
File: umsb.fd 2002/01/19 v2.2g AMS font definitions
) [7])
\tf@toc=\write4
\openout4 = `main.toc'.

 [8] (./main.lof
Underfull \vbox (badness 6825) has occurred while \output is active []

 [9

]
Underfull \vbox (badness 10000) has occurred while \output is active []

 [10])
\tf@lof=\write5
\openout5 = `main.lof'.


[11] [12

] (./main.lot)
\tf@lot=\write6
\openout6 = `main.lot'.

) [13]
\openout2 = `chap1.aux'.

 (./chap1.tex [14



]
Chapter 1.
<slicerinterface.png, id=58, 1243.64626pt x 979.66pt>
File: slicerinterface.png Graphic file (type png)

<use slicerinterface.png> [15]
Underfull \vbox (badness 6893) has occurred while \output is active []

 [16 <./slicerinterface.png>]) [17]
\openout2 = `chap2.aux'.

 (./chap2.tex [18



]
Chapter 2.

Overfull \hbox (2.12975pt too wide) in paragraph at lines 3--4
\OT1/cmr/m/n/12 nance (MR) tech-nique that pro-vides in-for-ma-tion about the d
if-fu-sion of wa-ter molecules
 []

<graysfibertracts.png, id=71, 614.295pt x 208.1376pt>
File: graysfibertracts.png Graphic file (type png)

<use graysfibertracts.png>
Underfull \vbox (badness 10000) has occurred while \output is active []

 [19]
[20 <./graysfibertracts.png>]
Underfull \vbox (badness 5652) has occurred while \output is active []

 [21]
[22] <packedglyphs.png, id=103, 251.4996pt x 178.86826pt>
File: packedglyphs.png Graphic file (type png)

<use packedglyphs.png> <tractography.png, id=104, 250.41554pt x 178.14555pt>
File: tractography.png Graphic file (type png)

<use tractography.png>
Overfull \hbox (18.27759pt too wide) in paragraph at lines 64--69
[][] [] 
 []

[23 <./packedglyphs.png> <./tractography.png>] [24] [25]
Overfull \hbox (0.1769pt too wide) in paragraph at lines 94--95
\OT1/cmr/m/n/12 Stochastic trac-tog-ra-phy meth-ods which use Bayesian frame-wo
rks ex-press be-liefs about
 []

) [26] [27]
\openout2 = `chap3.aux'.

 (./chap3.tex [28



]
Chapter 3.
<stflowsmall.png, id=130, 862.22125pt x 323.2075pt>
File: stflowsmall.png Graphic file (type png)
 <use stflowsmall.png>
[29] [30 <./stflowsmall.png>]
Overfull \hbox (2.16763pt too wide) in paragraph at lines 23--24
\OT1/cmr/m/n/12 u-lar dif-fu-sion weight-ing fac-tor $\OML/cmm/m/it/12 b[]$ \OT
1/cmr/m/n/12 and mag-netic gra-di-ent di-rec-tion $\OT1/cmr/bx/n/12 g[] \OT1/cm
r/m/n/12 = (\OML/cmm/m/it/12 g[] g[] g[]\OT1/cmr/m/n/12 )[]$.
 []

[31] [32] [33] [34] [35] [36]
Overfull \hbox (14.09363pt too wide) in paragraph at lines 214--217
\OT1/cmr/m/n/12 pre-vi-ous step di-rec-tion and prior knowl-edge about the next
 step di-rec-tion: $\OML/cmm/m/it/12 p\OT1/cmr/m/n/12 ([]\OML/cmm/m/it/12 ; ^^R
\OMS/cmsy/m/n/12 j[]\OT1/cmr/m/n/12 ) =
 []


Underfull \vbox (badness 1728) has occurred while \output is active []

 [37])
[38]
\openout2 = `chap4.aux'.

 (./chap4.tex
Chapter 4.
[39



] <filterblock.png, id=172, 984.67876pt x 653.44125pt>
File: filterblock.png Graphic file (type png)

<use filterblock.png>
Underfull \vbox (badness 1675) has occurred while \output is active []

 [40]
<timepertracts.pdf, id=176, 614.295pt x 794.97pt>
File: timepertracts.pdf Graphic file (type pdf)
 <use timepertracts.pdf>
Underfull \vbox (badness 2626) has occurred while \output is active []

 [41 <./filterblock.png>]
Underfull \vbox (badness 10000) has occurred while \output is active []

 [42]
Underfull \vbox (badness 10000) has occurred while \output is active []

 [43 <./timepertracts.pdf>]
Overfull \hbox (4.80522pt too wide) in paragraph at lines 46--46
[]  \OT1/cmtt/m/n/12 typedef itk::VectorImage< unsigned short int, 3 > DWIVecto
rImageType;[] 
 []


Overfull \hbox (48.03024pt too wide) in paragraph at lines 46--46
[]  \OT1/cmtt/m/n/12 typedef itk::StochasticTractographyFilter< DWIVectorImageT
ype, WMPImageType,[] 
 []


Underfull \hbox (badness 1231) in paragraph at lines 70--71
[]\OT1/cmr/m/n/12 Maximum Like-li-hood Cache Size(MB) A
 []


Overfull \hbox (4.97359pt too wide) in paragraph at lines 52--75
 [] 
 []


Overfull \hbox (41.85524pt too wide) in paragraph at lines 90--90
[]  \OT1/cmtt/m/n/12 ptfilterPtr->SetWhiteMatterProbabilityImageInput( wmpreade
r->GetOutput() );[] 
 []

[44] [45] [46] [47] <smallslicerinterface.png, id=207, 401.5pt x 591.20876pt>
File: smallslicerinterface.png Graphic file (type png)

<use smallslicerinterface.png> [48]) [49 <./smallslicerinterface.png>]
\openout2 = `chap4a.aux'.


(./chap4a.tex [50



]
Chapter 5.
<slicer-0001.png, id=218, 771.88374pt x 902.37125pt>
File: slicer-0001.png Graphic file (type png)
 <use slicer-0001.png>
[51] [52 <./slicer-0001.png>]
<slicer-0022.png, id=228, 1023.825pt x 914.41624pt>
File: slicer-0022.png Graphic file (type png)
 <use slicer-0022.png>
<slicer-0020.png, id=229, 1023.825pt x 914.41624pt>
File: slicer-0020.png Graphic file (type png)
 <use slicer-0020.png>

LaTeX Warning: Float too large for page by 16.41647pt on input line 33.

<hist_FA_nomask_single.pdf, id=230, 614.295pt x 794.97pt>
File: hist_FA_nomask_single.pdf Graphic file (type pdf)

<use hist_FA_nomask_single.pdf>
<hist_FA_mask_single.pdf, id=232, 614.295pt x 794.97pt>
File: hist_FA_mask_single.pdf Graphic file (type pdf)

<use hist_FA_mask_single.pdf>
Overfull \hbox (18.27759pt too wide) in paragraph at lines 42--48
[][] [] 
 []

[53] [54 <./slicer-0022.png> <./slicer-0020.png>]
<hist_length_nomask_single.pdf, id=240, 614.295pt x 794.97pt>
File: hist_length_nomask_single.pdf Graphic file (type pdf)

<use hist_length_nomask_single.pdf>
<hist_length_mask_single.pdf, id=242, 614.295pt x 794.97pt>
File: hist_length_mask_single.pdf Graphic file (type pdf)

<use hist_length_mask_single.pdf>
Overfull \hbox (18.27759pt too wide) in paragraph at lines 59--65
[][] [] 
 []

<slicer-0021.png, id=244, 1023.825pt x 914.41624pt>
File: slicer-0021.png Graphic file (type png)
 <use slicer-0021.png>
<slicer-0019.png, id=245, 1023.825pt x 914.41624pt>
File: slicer-0019.png Graphic file (type png)
 <use slicer-0019.png>
[55 <./hist_FA_nomask_single.pdf> <./hist_FA_mask_single.pdf>]
<hist_FA_nomask_two.pdf, id=260, 614.295pt x 794.97pt>
File: hist_FA_nomask_two.pdf Graphic file (type pdf)

<use hist_FA_nomask_two.pdf>
<hist_FA_mask_two.pdf, id=262, 614.295pt x 794.97pt>
File: hist_FA_mask_two.pdf Graphic file (type pdf)

<use hist_FA_mask_two.pdf>
Overfull \hbox (18.27759pt too wide) in paragraph at lines 96--102
[][] [] 
 []

<hist_length_nomask_two.pdf, id=264, 614.295pt x 794.97pt>
File: hist_length_nomask_two.pdf Graphic file (type pdf)

<use hist_length_nomask_two.pdf>
<hist_length_mask_two.pdf, id=266, 614.295pt x 794.97pt>
File: hist_length_mask_two.pdf Graphic file (type pdf)

<use hist_length_mask_two.pdf>
Overfull \hbox (18.27759pt too wide) in paragraph at lines 113--119
[][] [] 
 []

[56 <./hist_length_nomask_single.pdf> <./hist_length_mask_single.pdf>] [57 <./s
licer-0021.png> <./slicer-0019.png>] [58 <./hist_FA_nomask_two.pdf> <./hist_FA_
mask_two.pdf> <./hist_length_nomask_two.pdf> <./hist_length_mask_two.pdf>]
<slicer-0016.png, id=303, 1023.825pt x 914.41624pt>
File: slicer-0016.png Graphic file (type png)
 <use slicer-0016.png>
<slicer-0018.png, id=304, 1023.825pt x 914.41624pt>
File: slicer-0018.png Graphic file (type png)
 <use slicer-0018.png>
<slicer-0015.png, id=305, 1023.825pt x 914.41624pt>
File: slicer-0015.png Graphic file (type png)
 <use slicer-0015.png>
<slicer-0017.png, id=306, 1023.825pt x 914.41624pt>
File: slicer-0017.png Graphic file (type png)
 <use slicer-0017.png>
<streamFA.pdf, id=307, 614.295pt x 794.97pt>
File: streamFA.pdf Graphic file (type pdf)
 <use streamFA.pdf>
File: hist_FA_mask_two.pdf Graphic file (type pdf)

<use hist_FA_mask_two.pdf>
Overfull \hbox (18.27759pt too wide) in paragraph at lines 155--161
[][] [] 
 []


Underfull \vbox (badness 5652) has occurred while \output is active []

 [59]
[60 <./slicer-0016.png> <./slicer-0018.png>] [61 <./slicer-0015.png> <./slicer-
0017.png>] <streamLength.pdf, id=320, 614.295pt x 794.97pt>
File: streamLength.pdf Graphic file (type pdf)

<use streamLength.pdf>
File: hist_length_mask_two.pdf Graphic file (type pdf)
 <use hist_length_mask_two.pdf>
Overfull \hbox (18.27759pt too wide) in paragraph at lines 172--178
[][] [] 
 []

) [62 <./streamFA.pdf>] [63 <./streamLength.pdf>]
\openout2 = `chap6.aux'.

 (./chap6.tex [64



]
Chapter 6.
[65]
Underfull \vbox (badness 10000) has occurred while \output is active []

 [66]
<frontalcortexfibers.png, id=349, 330.23375pt x 652.4375pt>
File: frontalcortexfibers.png Graphic file (type png)

<use frontalcortexfibers.png> <thalamus.png, id=350, 501.875pt x 574.145pt>
File: thalamus.png Graphic file (type png)

<use thalamus.png>
Underfull \vbox (badness 10000) has occurred while \output is active []

 [67]
[68 <./frontalcortexfibers.png> <./thalamus.png>]) [69]
\openout2 = `appb.aux'.

 (./appb.tex [70



]
Appendix A.

Overfull \hbox (29.50523pt too wide) in paragraph at lines 83--83
[]                                 \OT1/cmtt/m/n/12 <std::string>] [--xml] [--e
cho] [-j <int>][] 
 []


Overfull \hbox (10.98022pt too wide) in paragraph at lines 83--83
[]                                 \OT1/cmtt/m/n/12 [-r] [-i] [-o <std::string>
] [-c <int>][] 
 []


Overfull \hbox (10.98022pt too wide) in paragraph at lines 83--83
[]                                 \OT1/cmtt/m/n/12 <int>] [-l <int>] [--] [--v
ersion] [-h][] 
 []


Overfull \hbox (23.33023pt too wide) in paragraph at lines 83--83
[]                                 \OT1/cmtt/m/n/12 <std::string> <std::string>
 <std::string>[] 
 []


Overfull \hbox (23.33023pt too wide) in paragraph at lines 83--83
[]     \OT1/cmtt/m/n/12 Address of a structure to store process information (pr
ogress, abort,[] 
 []

[71]
Overfull \hbox (23.33023pt too wide) in paragraph at lines 83--83
[]     \OT1/cmtt/m/n/12 Total number of threads to use.  Default value of zero 
sets number of[] 
 []


Overfull \hbox (29.50523pt too wide) in paragraph at lines 83--83
[]     \OT1/cmtt/m/n/12 Ignore the origins of the ROI and WM mask and set it to
 be the same as[] 
 []


Underfull \vbox (badness 10000) has occurred while \output is active []

 [72]
Overfull \hbox (17.15523pt too wide) in paragraph at lines 83--83
[]     \OT1/cmtt/m/n/12 (required)  Input Mask volume that provides the probabi
lity that the[] 
 []


Overfull \hbox (10.98022pt too wide) in paragraph at lines 83--83
[]   \OT1/cmtt/m/n/12 Description: Generates a map of connectivity probabilitie
s from a DWI[] 
 []


Underfull \vbox (badness 10000) has occurred while \output is active []

 [73])
[74]
\openout2 = `biblio.aux'.

 (./biblio.tex (./main.bbl [75



] [76])) [77] (./main.aux (./cover.aux)
(./contents.aux) (./chap1.aux) (./chap2.aux) (./chap3.aux) (./chap4.aux)
(./chap4a.aux) (./chap6.aux) (./appb.aux) (./biblio.aux)) ) 
Here is how much of TeX's memory you used:
 2530 strings out of 94500
 31577 string characters out of 1175788
 81783 words of memory out of 1000000
 5568 multiletter control sequences out of 10000+50000
 14738 words of font info for 56 fonts, out of 500000 for 2000
 580 hyphenation exceptions out of 8191
 28i,9n,24p,2131b,284s stack positions out of 1500i,500n,5000p,200000b,5000s
PDF statistics:
 390 PDF objects out of 300000
 0 named destinations out of 131072
 224 words of extra memory for PDF output out of 65536
</usr/share/texmf-te
tex/fonts/type1/bluesky/cm/cmti12.pfb></usr/share/texmf-tetex/fonts/type1/blues
ky/cm/cmr7.pfb></usr/share/texmf-tetex/fonts/type1/bluesky/cm/cmtt12.pfb></usr/
share/texmf-tetex/fonts/type1/bluesky/symbols/msbm10.pfb></usr/share/texmf-tete
x/fonts/type1/bluesky/cm/cmr6.pfb></usr/share/texmf-tetex/fonts/type1/bluesky/c
m/cmex10.pfb></usr/share/texmf-tetex/fonts/type1/bluesky/cm/cmr10.pfb></usr/sha
re/texmf-tetex/fonts/type1/bluesky/cm/cmbx8.pfb></usr/share/texmf-tetex/fonts/t
ype1/bluesky/cm/cmmi6.pfb></usr/share/texmf-tetex/fonts/type1/bluesky/cm/cmsy8.
pfb></usr/share/texmf-tetex/fonts/type1/bluesky/cm/cmr8.pfb></usr/share/texmf-t
etex/fonts/type1/bluesky/cm/cmmi8.pfb></usr/share/texmf-tetex/fonts/type1/blues
ky/cm/cmmi12.pfb></usr/share/texmf-tetex/fonts/type1/bluesky/cm/cmsy10.pfb></us
r/share/texmf-tetex/fonts/type1/bluesky/cm/cmr17.pfb></usr/share/texmf-tetex/fo
nts/type1/bluesky/cm/cmr12.pfb></usr/share/texmf-tetex/fonts/type1/bluesky/cm/c
mbx12.pfb>
Output written on main.pdf (77 pages, 8583941 bytes).
