The system is: Linux - 2.6.23.15-80.fc7 - x86_64
Compiling the C compiler identification source file "CMakeCCompilerId.c" succeeded.
Compiler: /usr/bin/gcc 
Build flags: 
Id flags: 

The output was:
0


Compilation of the C compiler identification source "CMakeCCompilerId.c" produced "a.out"

The C compiler identification is GNU, found in "/projects/prostate/elhawary/SlicerModules/HybridNav/HybridNav-build/CMakeFiles/CompilerIdC/a.out"

Compiling the CXX compiler identification source file "CMakeCXXCompilerId.cpp" succeeded.
Compiler: /usr/bin/g++ 
Build flags: 
Id flags: 

The output was:
0


Compilation of the CXX compiler identification source "CMakeCXXCompilerId.cpp" produced "a.out"

The CXX compiler identification is GNU, found in "/projects/prostate/elhawary/SlicerModules/HybridNav/HybridNav-build/CMakeFiles/CompilerIdCXX/a.out"

Determining if the C compiler works passed with the following output:
Change Dir: /projects/prostate/elhawary/SlicerModules/HybridNav/HybridNav-build/CMakeFiles/CMakeTmp

Run Build Command:/usr/bin/gmake "cmTryCompileExec/fast"
gmake: Warning: File `Makefile' has modification time 8.2 s in the future
/usr/bin/gmake -f CMakeFiles/cmTryCompileExec.dir/build.make CMakeFiles/cmTryCompileExec.dir/build
gmake[1]: Entering directory `/projects/prostate/elhawary/SlicerModules/HybridNav/HybridNav-build/CMakeFiles/CMakeTmp'
gmake[1]: Warning: File `CMakeFiles/cmTryCompileExec.dir/flags.make' has modification time 8.2 s in the future
/projects/prostate/elhawary/Slicer3-lib/CMake-build/bin/cmake -E cmake_progress_report /projects/prostate/elhawary/SlicerModules/HybridNav/HybridNav-build/CMakeFiles/CMakeTmp/CMakeFiles 1
Building C object CMakeFiles/cmTryCompileExec.dir/testCCompiler.c.o
/usr/bin/gcc    -o CMakeFiles/cmTryCompileExec.dir/testCCompiler.c.o   -c /projects/prostate/elhawary/SlicerModules/HybridNav/HybridNav-build/CMakeFiles/CMakeTmp/testCCompiler.c
Linking C executable cmTryCompileExec
/projects/prostate/elhawary/Slicer3-lib/CMake-build/bin/cmake -E cmake_link_script CMakeFiles/cmTryCompileExec.dir/link.txt --verbose=1
/usr/bin/gcc       -fPIC CMakeFiles/cmTryCompileExec.dir/testCCompiler.c.o  -o cmTryCompileExec -rdynamic 
gmake[1]: warning:  Clock skew detected.  Your build may be incomplete.
gmake[1]: Leaving directory `/projects/prostate/elhawary/SlicerModules/HybridNav/HybridNav-build/CMakeFiles/CMakeTmp'
gmake: warning:  Clock skew detected.  Your build may be incomplete.


Detecting C compiler ABI info compiled with the following output:
Change Dir: /projects/prostate/elhawary/SlicerModules/HybridNav/HybridNav-build/CMakeFiles/CMakeTmp

Run Build Command:/usr/bin/gmake "cmTryCompileExec/fast"
gmake: Warning: File `Makefile' has modification time 8 s in the future
/usr/bin/gmake -f CMakeFiles/cmTryCompileExec.dir/build.make CMakeFiles/cmTryCompileExec.dir/build
gmake[1]: Entering directory `/projects/prostate/elhawary/SlicerModules/HybridNav/HybridNav-build/CMakeFiles/CMakeTmp'
gmake[1]: Warning: File `CMakeFiles/cmTryCompileExec.dir/flags.make' has modification time 8 s in the future
/projects/prostate/elhawary/Slicer3-lib/CMake-build/bin/cmake -E cmake_progress_report /projects/prostate/elhawary/SlicerModules/HybridNav/HybridNav-build/CMakeFiles/CMakeTmp/CMakeFiles 1
Building C object CMakeFiles/cmTryCompileExec.dir/CMakeCCompilerABI.c.o
/usr/bin/gcc    -o CMakeFiles/cmTryCompileExec.dir/CMakeCCompilerABI.c.o   -c /projects/prostate/elhawary/Slicer3-lib/CMake/Modules/CMakeCCompilerABI.c
Linking C executable cmTryCompileExec
/projects/prostate/elhawary/Slicer3-lib/CMake-build/bin/cmake -E cmake_link_script CMakeFiles/cmTryCompileExec.dir/link.txt --verbose=1
/usr/bin/gcc       -fPIC CMakeFiles/cmTryCompileExec.dir/CMakeCCompilerABI.c.o  -o cmTryCompileExec -rdynamic 
gmake[1]: warning:  Clock skew detected.  Your build may be incomplete.
gmake[1]: Leaving directory `/projects/prostate/elhawary/SlicerModules/HybridNav/HybridNav-build/CMakeFiles/CMakeTmp'
gmake: warning:  Clock skew detected.  Your build may be incomplete.


Determining if the CXX compiler works passed with the following output:
Change Dir: /projects/prostate/elhawary/SlicerModules/HybridNav/HybridNav-build/CMakeFiles/CMakeTmp

Run Build Command:/usr/bin/gmake "cmTryCompileExec/fast"
gmake: Warning: File `Makefile' has modification time 8.8 s in the future
/usr/bin/gmake -f CMakeFiles/cmTryCompileExec.dir/build.make CMakeFiles/cmTryCompileExec.dir/build
gmake[1]: Entering directory `/projects/prostate/elhawary/SlicerModules/HybridNav/HybridNav-build/CMakeFiles/CMakeTmp'
gmake[1]: Warning: File `CMakeFiles/cmTryCompileExec.dir/flags.make' has modification time 8.8 s in the future
/projects/prostate/elhawary/Slicer3-lib/CMake-build/bin/cmake -E cmake_progress_report /projects/prostate/elhawary/SlicerModules/HybridNav/HybridNav-build/CMakeFiles/CMakeTmp/CMakeFiles 1
Building CXX object CMakeFiles/cmTryCompileExec.dir/testCXXCompiler.cxx.o
/usr/bin/g++     -o CMakeFiles/cmTryCompileExec.dir/testCXXCompiler.cxx.o -c /projects/prostate/elhawary/SlicerModules/HybridNav/HybridNav-build/CMakeFiles/CMakeTmp/testCXXCompiler.cxx
Linking CXX executable cmTryCompileExec
/projects/prostate/elhawary/Slicer3-lib/CMake-build/bin/cmake -E cmake_link_script CMakeFiles/cmTryCompileExec.dir/link.txt --verbose=1
/usr/bin/g++        -fPIC CMakeFiles/cmTryCompileExec.dir/testCXXCompiler.cxx.o  -o cmTryCompileExec -rdynamic 
gmake[1]: warning:  Clock skew detected.  Your build may be incomplete.
gmake[1]: Leaving directory `/projects/prostate/elhawary/SlicerModules/HybridNav/HybridNav-build/CMakeFiles/CMakeTmp'
gmake: warning:  Clock skew detected.  Your build may be incomplete.


Detecting CXX compiler ABI info compiled with the following output:
Change Dir: /projects/prostate/elhawary/SlicerModules/HybridNav/HybridNav-build/CMakeFiles/CMakeTmp

Run Build Command:/usr/bin/gmake "cmTryCompileExec/fast"
gmake: Warning: File `Makefile' has modification time 8.5 s in the future
/usr/bin/gmake -f CMakeFiles/cmTryCompileExec.dir/build.make CMakeFiles/cmTryCompileExec.dir/build
gmake[1]: Entering directory `/projects/prostate/elhawary/SlicerModules/HybridNav/HybridNav-build/CMakeFiles/CMakeTmp'
gmake[1]: Warning: File `CMakeFiles/cmTryCompileExec.dir/flags.make' has modification time 8.5 s in the future
/projects/prostate/elhawary/Slicer3-lib/CMake-build/bin/cmake -E cmake_progress_report /projects/prostate/elhawary/SlicerModules/HybridNav/HybridNav-build/CMakeFiles/CMakeTmp/CMakeFiles 1
Building CXX object CMakeFiles/cmTryCompileExec.dir/CMakeCXXCompilerABI.cpp.o
/usr/bin/g++     -o CMakeFiles/cmTryCompileExec.dir/CMakeCXXCompilerABI.cpp.o -c /projects/prostate/elhawary/Slicer3-lib/CMake/Modules/CMakeCXXCompilerABI.cpp
Linking CXX executable cmTryCompileExec
/projects/prostate/elhawary/Slicer3-lib/CMake-build/bin/cmake -E cmake_link_script CMakeFiles/cmTryCompileExec.dir/link.txt --verbose=1
/usr/bin/g++        -fPIC CMakeFiles/cmTryCompileExec.dir/CMakeCXXCompilerABI.cpp.o  -o cmTryCompileExec -rdynamic 
gmake[1]: warning:  Clock skew detected.  Your build may be incomplete.
gmake[1]: Leaving directory `/projects/prostate/elhawary/SlicerModules/HybridNav/HybridNav-build/CMakeFiles/CMakeTmp'
gmake: warning:  Clock skew detected.  Your build may be incomplete.


