The system is: Linux - 2.6.24-23-generic - i686
Compiling the C compiler identification source file "CMakeCCompilerId.c" succeeded.
Compiler: /usr/bin/gcc 
Build flags: 
Id flags: 

The output was:
0


Compilation of the C compiler identification source "CMakeCCompilerId.c" produced "a.out"

The C compiler identification is GNU, found in "/home/neuroendo/IGTLoadableModules/NeuroEndoscopic/CMakeFiles/CompilerIdC/a.out"

Compiling the CXX compiler identification source file "CMakeCXXCompilerId.cpp" succeeded.
Compiler: /usr/bin/c++ 
Build flags: 
Id flags: 

The output was:
0
CMakeCXXCompilerId.cpp:73: warning: deprecated conversion from string constant to ‘char*’
CMakeCXXCompilerId.cpp:163: warning: deprecated conversion from string constant to ‘char*’


Compilation of the CXX compiler identification source "CMakeCXXCompilerId.cpp" produced "a.out"

The CXX compiler identification is GNU, found in "/home/neuroendo/IGTLoadableModules/NeuroEndoscopic/CMakeFiles/CompilerIdCXX/a.out"

Determining if the C compiler works passed with the following output:
Change Dir: /home/neuroendo/IGTLoadableModules/NeuroEndoscopic/CMakeFiles/CMakeTmp

Run Build Command:/usr/bin/make "cmTryCompileExec/fast"
/usr/bin/make -f CMakeFiles/cmTryCompileExec.dir/build.make CMakeFiles/cmTryCompileExec.dir/build
make[1]: Entering directory `/home/neuroendo/IGTLoadableModules/NeuroEndoscopic/CMakeFiles/CMakeTmp'
/home/neuroendo/Slicer3-lib/CMake-build/bin/cmake -E cmake_progress_report /home/neuroendo/IGTLoadableModules/NeuroEndoscopic/CMakeFiles/CMakeTmp/CMakeFiles 1
Building C object CMakeFiles/cmTryCompileExec.dir/testCCompiler.c.o
/usr/bin/gcc    -o CMakeFiles/cmTryCompileExec.dir/testCCompiler.c.o   -c /home/neuroendo/IGTLoadableModules/NeuroEndoscopic/CMakeFiles/CMakeTmp/testCCompiler.c
Linking C executable cmTryCompileExec
/home/neuroendo/Slicer3-lib/CMake-build/bin/cmake -E cmake_link_script CMakeFiles/cmTryCompileExec.dir/link.txt --verbose=1
/usr/bin/gcc        CMakeFiles/cmTryCompileExec.dir/testCCompiler.c.o  -o cmTryCompileExec -rdynamic 
make[1]: Leaving directory `/home/neuroendo/IGTLoadableModules/NeuroEndoscopic/CMakeFiles/CMakeTmp'


Detecting C compiler ABI info compiled with the following output:
Change Dir: /home/neuroendo/IGTLoadableModules/NeuroEndoscopic/CMakeFiles/CMakeTmp

Run Build Command:/usr/bin/make "cmTryCompileExec/fast"
/usr/bin/make -f CMakeFiles/cmTryCompileExec.dir/build.make CMakeFiles/cmTryCompileExec.dir/build
make[1]: Entering directory `/home/neuroendo/IGTLoadableModules/NeuroEndoscopic/CMakeFiles/CMakeTmp'
/home/neuroendo/Slicer3-lib/CMake-build/bin/cmake -E cmake_progress_report /home/neuroendo/IGTLoadableModules/NeuroEndoscopic/CMakeFiles/CMakeTmp/CMakeFiles 1
Building C object CMakeFiles/cmTryCompileExec.dir/CMakeCCompilerABI.c.o
/usr/bin/gcc    -o CMakeFiles/cmTryCompileExec.dir/CMakeCCompilerABI.c.o   -c /home/neuroendo/Slicer3-lib/CMake/Modules/CMakeCCompilerABI.c
Linking C executable cmTryCompileExec
/home/neuroendo/Slicer3-lib/CMake-build/bin/cmake -E cmake_link_script CMakeFiles/cmTryCompileExec.dir/link.txt --verbose=1
/usr/bin/gcc       -v CMakeFiles/cmTryCompileExec.dir/CMakeCCompilerABI.c.o  -o cmTryCompileExec -rdynamic  
Using built-in specs.
Target: i486-linux-gnu
Configured with: ../src/configure -v --enable-languages=c,c++,fortran,objc,obj-c++,treelang --prefix=/usr --enable-shared --with-system-zlib --libexecdir=/usr/lib --without-included-gettext --enable-threads=posix --enable-nls --with-gxx-include-dir=/usr/include/c++/4.2 --program-suffix=-4.2 --enable-clocale=gnu --enable-libstdcxx-debug --enable-objc-gc --enable-mpfr --enable-targets=all --enable-checking=release --build=i486-linux-gnu --host=i486-linux-gnu --target=i486-linux-gnu
Thread model: posix
gcc version 4.2.4 (Ubuntu 4.2.4-1ubuntu3)
 /usr/lib/gcc/i486-linux-gnu/4.2.4/collect2 --eh-frame-hdr -m elf_i386 --hash-style=both -export-dynamic -dynamic-linker /lib/ld-linux.so.2 -o cmTryCompileExec /usr/lib/gcc/i486-linux-gnu/4.2.4/../../../../lib/crt1.o /usr/lib/gcc/i486-linux-gnu/4.2.4/../../../../lib/crti.o /usr/lib/gcc/i486-linux-gnu/4.2.4/crtbegin.o -L/usr/lib/gcc/i486-linux-gnu/4.2.4 -L/usr/lib/gcc/i486-linux-gnu/4.2.4 -L/usr/lib/gcc/i486-linux-gnu/4.2.4/../../../../lib -L/lib/../lib -L/usr/lib/../lib -L/usr/lib/gcc/i486-linux-gnu/4.2.4/../../.. CMakeFiles/cmTryCompileExec.dir/CMakeCCompilerABI.c.o -lgcc --as-needed -lgcc_s --no-as-needed -lc -lgcc --as-needed -lgcc_s --no-as-needed /usr/lib/gcc/i486-linux-gnu/4.2.4/crtend.o /usr/lib/gcc/i486-linux-gnu/4.2.4/../../../../lib/crtn.o
make[1]: Leaving directory `/home/neuroendo/IGTLoadableModules/NeuroEndoscopic/CMakeFiles/CMakeTmp'


Parsed C implicit link information from above output:
  link line regex: [^( *|.*[/\])(ld|ld|collect2)[^/\]*( |$)]
  ignore line: [Change Dir: /home/neuroendo/IGTLoadableModules/NeuroEndoscopic/CMakeFiles/CMakeTmp]
  ignore line: []
  ignore line: [Run Build Command:/usr/bin/make "cmTryCompileExec/fast"]
  ignore line: [/usr/bin/make -f CMakeFiles/cmTryCompileExec.dir/build.make CMakeFiles/cmTryCompileExec.dir/build]
  ignore line: [make[1]: Entering directory `/home/neuroendo/IGTLoadableModules/NeuroEndoscopic/CMakeFiles/CMakeTmp']
  ignore line: [/home/neuroendo/Slicer3-lib/CMake-build/bin/cmake -E cmake_progress_report /home/neuroendo/IGTLoadableModules/NeuroEndoscopic/CMakeFiles/CMakeTmp/CMakeFiles 1]
  ignore line: [Building C object CMakeFiles/cmTryCompileExec.dir/CMakeCCompilerABI.c.o]
  ignore line: [/usr/bin/gcc    -o CMakeFiles/cmTryCompileExec.dir/CMakeCCompilerABI.c.o   -c /home/neuroendo/Slicer3-lib/CMake/Modules/CMakeCCompilerABI.c]
  ignore line: [Linking C executable cmTryCompileExec]
  ignore line: [/home/neuroendo/Slicer3-lib/CMake-build/bin/cmake -E cmake_link_script CMakeFiles/cmTryCompileExec.dir/link.txt --verbose=1]
  ignore line: [/usr/bin/gcc       -v CMakeFiles/cmTryCompileExec.dir/CMakeCCompilerABI.c.o  -o cmTryCompileExec -rdynamic  ]
  ignore line: [Using built-in specs.]
  ignore line: [Target: i486-linux-gnu]
  ignore line: [Configured with: ../src/configure -v --enable-languages=c,c++,fortran,objc,obj-c++,treelang --prefix=/usr --enable-shared --with-system-zlib --libexecdir=/usr/lib --without-included-gettext --enable-threads=posix --enable-nls --with-gxx-include-dir=/usr/include/c++/4.2 --program-suffix=-4.2 --enable-clocale=gnu --enable-libstdcxx-debug --enable-objc-gc --enable-mpfr --enable-targets=all --enable-checking=release --build=i486-linux-gnu --host=i486-linux-gnu --target=i486-linux-gnu]
  ignore line: [Thread model: posix]
  ignore line: [gcc version 4.2.4 (Ubuntu 4.2.4-1ubuntu3)]
  link line: [ /usr/lib/gcc/i486-linux-gnu/4.2.4/collect2 --eh-frame-hdr -m elf_i386 --hash-style=both -export-dynamic -dynamic-linker /lib/ld-linux.so.2 -o cmTryCompileExec /usr/lib/gcc/i486-linux-gnu/4.2.4/../../../../lib/crt1.o /usr/lib/gcc/i486-linux-gnu/4.2.4/../../../../lib/crti.o /usr/lib/gcc/i486-linux-gnu/4.2.4/crtbegin.o -L/usr/lib/gcc/i486-linux-gnu/4.2.4 -L/usr/lib/gcc/i486-linux-gnu/4.2.4 -L/usr/lib/gcc/i486-linux-gnu/4.2.4/../../../../lib -L/lib/../lib -L/usr/lib/../lib -L/usr/lib/gcc/i486-linux-gnu/4.2.4/../../.. CMakeFiles/cmTryCompileExec.dir/CMakeCCompilerABI.c.o -lgcc --as-needed -lgcc_s --no-as-needed -lc -lgcc --as-needed -lgcc_s --no-as-needed /usr/lib/gcc/i486-linux-gnu/4.2.4/crtend.o /usr/lib/gcc/i486-linux-gnu/4.2.4/../../../../lib/crtn.o]
    arg [/usr/lib/gcc/i486-linux-gnu/4.2.4/collect2] ==> ignore
    arg [--eh-frame-hdr] ==> ignore
    arg [-m] ==> ignore
    arg [elf_i386] ==> ignore
    arg [--hash-style=both] ==> ignore
    arg [-export-dynamic] ==> ignore
    arg [-dynamic-linker] ==> ignore
    arg [/lib/ld-linux.so.2] ==> ignore
    arg [-o] ==> ignore
    arg [cmTryCompileExec] ==> ignore
    arg [/usr/lib/gcc/i486-linux-gnu/4.2.4/../../../../lib/crt1.o] ==> ignore
    arg [/usr/lib/gcc/i486-linux-gnu/4.2.4/../../../../lib/crti.o] ==> ignore
    arg [/usr/lib/gcc/i486-linux-gnu/4.2.4/crtbegin.o] ==> ignore
    arg [-L/usr/lib/gcc/i486-linux-gnu/4.2.4] ==> dir [/usr/lib/gcc/i486-linux-gnu/4.2.4]
    arg [-L/usr/lib/gcc/i486-linux-gnu/4.2.4] ==> dir [/usr/lib/gcc/i486-linux-gnu/4.2.4]
    arg [-L/usr/lib/gcc/i486-linux-gnu/4.2.4/../../../../lib] ==> dir [/usr/lib/gcc/i486-linux-gnu/4.2.4/../../../../lib]
    arg [-L/lib/../lib] ==> dir [/lib/../lib]
    arg [-L/usr/lib/../lib] ==> dir [/usr/lib/../lib]
    arg [-L/usr/lib/gcc/i486-linux-gnu/4.2.4/../../..] ==> dir [/usr/lib/gcc/i486-linux-gnu/4.2.4/../../..]
    arg [CMakeFiles/cmTryCompileExec.dir/CMakeCCompilerABI.c.o] ==> ignore
    arg [-lgcc] ==> lib [gcc]
    arg [--as-needed] ==> ignore
    arg [-lgcc_s] ==> lib [gcc_s]
    arg [--no-as-needed] ==> ignore
    arg [-lc] ==> lib [c]
    arg [-lgcc] ==> lib [gcc]
    arg [--as-needed] ==> ignore
    arg [-lgcc_s] ==> lib [gcc_s]
    arg [--no-as-needed] ==> ignore
    arg [/usr/lib/gcc/i486-linux-gnu/4.2.4/crtend.o] ==> ignore
    arg [/usr/lib/gcc/i486-linux-gnu/4.2.4/../../../../lib/crtn.o] ==> ignore
  remove lib [gcc]
  remove lib [gcc_s]
  remove lib [gcc]
  remove lib [gcc_s]
  collapse dir [/usr/lib/gcc/i486-linux-gnu/4.2.4] ==> [/usr/lib/gcc/i486-linux-gnu/4.2.4]
  collapse dir [/usr/lib/gcc/i486-linux-gnu/4.2.4] ==> [/usr/lib/gcc/i486-linux-gnu/4.2.4]
  collapse dir [/usr/lib/gcc/i486-linux-gnu/4.2.4/../../../../lib] ==> [/usr/lib]
  collapse dir [/lib/../lib] ==> [/lib]
  collapse dir [/usr/lib/../lib] ==> [/usr/lib]
  collapse dir [/usr/lib/gcc/i486-linux-gnu/4.2.4/../../..] ==> [/usr/lib]
  implicit libs: [c]
  implicit dirs: [/usr/lib/gcc/i486-linux-gnu/4.2.4;/usr/lib;/lib]


Determining if the CXX compiler works passed with the following output:
Change Dir: /home/neuroendo/IGTLoadableModules/NeuroEndoscopic/CMakeFiles/CMakeTmp

Run Build Command:/usr/bin/make "cmTryCompileExec/fast"
/usr/bin/make -f CMakeFiles/cmTryCompileExec.dir/build.make CMakeFiles/cmTryCompileExec.dir/build
make[1]: Entering directory `/home/neuroendo/IGTLoadableModules/NeuroEndoscopic/CMakeFiles/CMakeTmp'
/home/neuroendo/Slicer3-lib/CMake-build/bin/cmake -E cmake_progress_report /home/neuroendo/IGTLoadableModules/NeuroEndoscopic/CMakeFiles/CMakeTmp/CMakeFiles 1
Building CXX object CMakeFiles/cmTryCompileExec.dir/testCXXCompiler.cxx.o
/usr/bin/c++     -o CMakeFiles/cmTryCompileExec.dir/testCXXCompiler.cxx.o -c /home/neuroendo/IGTLoadableModules/NeuroEndoscopic/CMakeFiles/CMakeTmp/testCXXCompiler.cxx
Linking CXX executable cmTryCompileExec
/home/neuroendo/Slicer3-lib/CMake-build/bin/cmake -E cmake_link_script CMakeFiles/cmTryCompileExec.dir/link.txt --verbose=1
/usr/bin/c++         CMakeFiles/cmTryCompileExec.dir/testCXXCompiler.cxx.o  -o cmTryCompileExec -rdynamic 
make[1]: Leaving directory `/home/neuroendo/IGTLoadableModules/NeuroEndoscopic/CMakeFiles/CMakeTmp'


Detecting CXX compiler ABI info compiled with the following output:
Change Dir: /home/neuroendo/IGTLoadableModules/NeuroEndoscopic/CMakeFiles/CMakeTmp

Run Build Command:/usr/bin/make "cmTryCompileExec/fast"
/usr/bin/make -f CMakeFiles/cmTryCompileExec.dir/build.make CMakeFiles/cmTryCompileExec.dir/build
make[1]: Entering directory `/home/neuroendo/IGTLoadableModules/NeuroEndoscopic/CMakeFiles/CMakeTmp'
/home/neuroendo/Slicer3-lib/CMake-build/bin/cmake -E cmake_progress_report /home/neuroendo/IGTLoadableModules/NeuroEndoscopic/CMakeFiles/CMakeTmp/CMakeFiles 1
Building CXX object CMakeFiles/cmTryCompileExec.dir/CMakeCXXCompilerABI.cpp.o
/usr/bin/c++     -o CMakeFiles/cmTryCompileExec.dir/CMakeCXXCompilerABI.cpp.o -c /home/neuroendo/Slicer3-lib/CMake/Modules/CMakeCXXCompilerABI.cpp
Linking CXX executable cmTryCompileExec
/home/neuroendo/Slicer3-lib/CMake-build/bin/cmake -E cmake_link_script CMakeFiles/cmTryCompileExec.dir/link.txt --verbose=1
/usr/bin/c++        -v CMakeFiles/cmTryCompileExec.dir/CMakeCXXCompilerABI.cpp.o  -o cmTryCompileExec -rdynamic  
Using built-in specs.
Target: i486-linux-gnu
Configured with: ../src/configure -v --enable-languages=c,c++,fortran,objc,obj-c++,treelang --prefix=/usr --enable-shared --with-system-zlib --libexecdir=/usr/lib --without-included-gettext --enable-threads=posix --enable-nls --with-gxx-include-dir=/usr/include/c++/4.2 --program-suffix=-4.2 --enable-clocale=gnu --enable-libstdcxx-debug --enable-objc-gc --enable-mpfr --enable-targets=all --enable-checking=release --build=i486-linux-gnu --host=i486-linux-gnu --target=i486-linux-gnu
Thread model: posix
gcc version 4.2.4 (Ubuntu 4.2.4-1ubuntu3)
 /usr/lib/gcc/i486-linux-gnu/4.2.4/collect2 --eh-frame-hdr -m elf_i386 --hash-style=both -export-dynamic -dynamic-linker /lib/ld-linux.so.2 -o cmTryCompileExec /usr/lib/gcc/i486-linux-gnu/4.2.4/../../../../lib/crt1.o /usr/lib/gcc/i486-linux-gnu/4.2.4/../../../../lib/crti.o /usr/lib/gcc/i486-linux-gnu/4.2.4/crtbegin.o -L/usr/lib/gcc/i486-linux-gnu/4.2.4 -L/usr/lib/gcc/i486-linux-gnu/4.2.4 -L/usr/lib/gcc/i486-linux-gnu/4.2.4/../../../../lib -L/lib/../lib -L/usr/lib/../lib -L/usr/lib/gcc/i486-linux-gnu/4.2.4/../../.. CMakeFiles/cmTryCompileExec.dir/CMakeCXXCompilerABI.cpp.o -lstdc++ -lm -lgcc_s -lgcc -lc -lgcc_s -lgcc /usr/lib/gcc/i486-linux-gnu/4.2.4/crtend.o /usr/lib/gcc/i486-linux-gnu/4.2.4/../../../../lib/crtn.o
make[1]: Leaving directory `/home/neuroendo/IGTLoadableModules/NeuroEndoscopic/CMakeFiles/CMakeTmp'


Parsed CXX implicit link information from above output:
  link line regex: [^( *|.*[/\])(ld|ld|collect2)[^/\]*( |$)]
  ignore line: [Change Dir: /home/neuroendo/IGTLoadableModules/NeuroEndoscopic/CMakeFiles/CMakeTmp]
  ignore line: []
  ignore line: [Run Build Command:/usr/bin/make "cmTryCompileExec/fast"]
  ignore line: [/usr/bin/make -f CMakeFiles/cmTryCompileExec.dir/build.make CMakeFiles/cmTryCompileExec.dir/build]
  ignore line: [make[1]: Entering directory `/home/neuroendo/IGTLoadableModules/NeuroEndoscopic/CMakeFiles/CMakeTmp']
  ignore line: [/home/neuroendo/Slicer3-lib/CMake-build/bin/cmake -E cmake_progress_report /home/neuroendo/IGTLoadableModules/NeuroEndoscopic/CMakeFiles/CMakeTmp/CMakeFiles 1]
  ignore line: [Building CXX object CMakeFiles/cmTryCompileExec.dir/CMakeCXXCompilerABI.cpp.o]
  ignore line: [/usr/bin/c++     -o CMakeFiles/cmTryCompileExec.dir/CMakeCXXCompilerABI.cpp.o -c /home/neuroendo/Slicer3-lib/CMake/Modules/CMakeCXXCompilerABI.cpp]
  ignore line: [Linking CXX executable cmTryCompileExec]
  ignore line: [/home/neuroendo/Slicer3-lib/CMake-build/bin/cmake -E cmake_link_script CMakeFiles/cmTryCompileExec.dir/link.txt --verbose=1]
  ignore line: [/usr/bin/c++        -v CMakeFiles/cmTryCompileExec.dir/CMakeCXXCompilerABI.cpp.o  -o cmTryCompileExec -rdynamic  ]
  ignore line: [Using built-in specs.]
  ignore line: [Target: i486-linux-gnu]
  ignore line: [Configured with: ../src/configure -v --enable-languages=c,c++,fortran,objc,obj-c++,treelang --prefix=/usr --enable-shared --with-system-zlib --libexecdir=/usr/lib --without-included-gettext --enable-threads=posix --enable-nls --with-gxx-include-dir=/usr/include/c++/4.2 --program-suffix=-4.2 --enable-clocale=gnu --enable-libstdcxx-debug --enable-objc-gc --enable-mpfr --enable-targets=all --enable-checking=release --build=i486-linux-gnu --host=i486-linux-gnu --target=i486-linux-gnu]
  ignore line: [Thread model: posix]
  ignore line: [gcc version 4.2.4 (Ubuntu 4.2.4-1ubuntu3)]
  link line: [ /usr/lib/gcc/i486-linux-gnu/4.2.4/collect2 --eh-frame-hdr -m elf_i386 --hash-style=both -export-dynamic -dynamic-linker /lib/ld-linux.so.2 -o cmTryCompileExec /usr/lib/gcc/i486-linux-gnu/4.2.4/../../../../lib/crt1.o /usr/lib/gcc/i486-linux-gnu/4.2.4/../../../../lib/crti.o /usr/lib/gcc/i486-linux-gnu/4.2.4/crtbegin.o -L/usr/lib/gcc/i486-linux-gnu/4.2.4 -L/usr/lib/gcc/i486-linux-gnu/4.2.4 -L/usr/lib/gcc/i486-linux-gnu/4.2.4/../../../../lib -L/lib/../lib -L/usr/lib/../lib -L/usr/lib/gcc/i486-linux-gnu/4.2.4/../../.. CMakeFiles/cmTryCompileExec.dir/CMakeCXXCompilerABI.cpp.o -lstdc++ -lm -lgcc_s -lgcc -lc -lgcc_s -lgcc /usr/lib/gcc/i486-linux-gnu/4.2.4/crtend.o /usr/lib/gcc/i486-linux-gnu/4.2.4/../../../../lib/crtn.o]
    arg [/usr/lib/gcc/i486-linux-gnu/4.2.4/collect2] ==> ignore
    arg [--eh-frame-hdr] ==> ignore
    arg [-m] ==> ignore
    arg [elf_i386] ==> ignore
    arg [--hash-style=both] ==> ignore
    arg [-export-dynamic] ==> ignore
    arg [-dynamic-linker] ==> ignore
    arg [/lib/ld-linux.so.2] ==> ignore
    arg [-o] ==> ignore
    arg [cmTryCompileExec] ==> ignore
    arg [/usr/lib/gcc/i486-linux-gnu/4.2.4/../../../../lib/crt1.o] ==> ignore
    arg [/usr/lib/gcc/i486-linux-gnu/4.2.4/../../../../lib/crti.o] ==> ignore
    arg [/usr/lib/gcc/i486-linux-gnu/4.2.4/crtbegin.o] ==> ignore
    arg [-L/usr/lib/gcc/i486-linux-gnu/4.2.4] ==> dir [/usr/lib/gcc/i486-linux-gnu/4.2.4]
    arg [-L/usr/lib/gcc/i486-linux-gnu/4.2.4] ==> dir [/usr/lib/gcc/i486-linux-gnu/4.2.4]
    arg [-L/usr/lib/gcc/i486-linux-gnu/4.2.4/../../../../lib] ==> dir [/usr/lib/gcc/i486-linux-gnu/4.2.4/../../../../lib]
    arg [-L/lib/../lib] ==> dir [/lib/../lib]
    arg [-L/usr/lib/../lib] ==> dir [/usr/lib/../lib]
    arg [-L/usr/lib/gcc/i486-linux-gnu/4.2.4/../../..] ==> dir [/usr/lib/gcc/i486-linux-gnu/4.2.4/../../..]
    arg [CMakeFiles/cmTryCompileExec.dir/CMakeCXXCompilerABI.cpp.o] ==> ignore
    arg [-lstdc++] ==> lib [stdc++]
    arg [-lm] ==> lib [m]
    arg [-lgcc_s] ==> lib [gcc_s]
    arg [-lgcc] ==> lib [gcc]
    arg [-lc] ==> lib [c]
    arg [-lgcc_s] ==> lib [gcc_s]
    arg [-lgcc] ==> lib [gcc]
    arg [/usr/lib/gcc/i486-linux-gnu/4.2.4/crtend.o] ==> ignore
    arg [/usr/lib/gcc/i486-linux-gnu/4.2.4/../../../../lib/crtn.o] ==> ignore
  remove lib [gcc_s]
  remove lib [gcc]
  remove lib [gcc_s]
  remove lib [gcc]
  collapse dir [/usr/lib/gcc/i486-linux-gnu/4.2.4] ==> [/usr/lib/gcc/i486-linux-gnu/4.2.4]
  collapse dir [/usr/lib/gcc/i486-linux-gnu/4.2.4] ==> [/usr/lib/gcc/i486-linux-gnu/4.2.4]
  collapse dir [/usr/lib/gcc/i486-linux-gnu/4.2.4/../../../../lib] ==> [/usr/lib]
  collapse dir [/lib/../lib] ==> [/lib]
  collapse dir [/usr/lib/../lib] ==> [/usr/lib]
  collapse dir [/usr/lib/gcc/i486-linux-gnu/4.2.4/../../..] ==> [/usr/lib]
  implicit libs: [stdc++;m;c]
  implicit dirs: [/usr/lib/gcc/i486-linux-gnu/4.2.4;/usr/lib;/lib]


