The system is: Linux - 2.4.20 - unknown
Determining if the C compiler is GNU succeeded with the following output:
# 2 "/usr/local/share/CMake/Modules/CMakeTestGNU.c"
void THIS_IS_GNU();

Determining if the C++ compiler is GNU succeeded with the following output:
# 2 "/usr/local/share/CMake/Modules/CMakeTestGNU.c"
void THIS_IS_GNU();

Determining if the C compiler works passed with the following output:
Building object file testCCompiler.o...
gcc -o testCCompiler.o           -I/home/reny/vidislicer/Modificado/slicer2/Modules/vtkPacs/CMakeTmp    -c /home/reny/vidislicer/Modificado/slicer2/Modules/vtkPacs/CMakeTmp/testCCompiler.c
Building executable /home/reny/vidislicer/Modificado/slicer2/Modules/vtkPacs/CMakeTmp/cmTryCompileExec...
gcc             -fPIC  testCCompiler.o    -o /home/reny/vidislicer/Modificado/slicer2/Modules/vtkPacs/CMakeTmp/cmTryCompileExec -rdynamic 


Determining if the CXX compiler works passed with the following output:
Building object file testCXXCompiler.o...
c++ -o testCXXCompiler.o           -I/home/reny/vidislicer/Modificado/slicer2/Modules/vtkPacs/CMakeTmp    -c /home/reny/vidislicer/Modificado/slicer2/Modules/vtkPacs/CMakeTmp/testCXXCompiler.cxx
Building executable /home/reny/vidislicer/Modificado/slicer2/Modules/vtkPacs/CMakeTmp/cmTryCompileExec...
c++              -fPIC  testCXXCompiler.o    -o /home/reny/vidislicer/Modificado/slicer2/Modules/vtkPacs/CMakeTmp/cmTryCompileExec -rdynamic 


The system is: Linux - 2.4.20 - unknown
Determining if the C compiler is GNU succeeded with the following output:
# 2 "/usr/local/share/CMake/Modules/CMakeTestGNU.c"
void THIS_IS_GNU();

Determining if the C++ compiler is GNU succeeded with the following output:
# 2 "/usr/local/share/CMake/Modules/CMakeTestGNU.c"
void THIS_IS_GNU();

Determining if the C compiler works passed with the following output:


Determining if the CXX compiler works passed with the following output:


The system is: Linux - 2.4.27-1-386 - i686
Determining if the C compiler is GNU succeeded with the following output:
# 1 "/usr/share/CMake/Modules/CMakeTestGNU.c"
# 1 "<interno>"
# 1 "<l\355nea de orden>"
# 1 "/usr/share/CMake/Modules/CMakeTestGNU.c"

void THIS_IS_GNU();

Determining if the C++ compiler is GNU succeeded with the following output:
# 1 "/usr/share/CMake/Modules/CMakeTestGNU.c"
# 1 "<interno>"
# 1 "<l\355nea de orden>"
# 1 "/usr/share/CMake/Modules/CMakeTestGNU.c"

void THIS_IS_GNU();

Determining if the C compiler works passed with the following output:


Determining if the CXX compiler works passed with the following output:


The system is: Linux - 2.4.27-1-386 - i686
Determining if the C compiler is GNU succeeded with the following output:
# 1 "/usr/share/CMake/Modules/CMakeTestGNU.c"
# 1 "<interno>"
# 1 "<l\355nea de orden>"
# 1 "/usr/share/CMake/Modules/CMakeTestGNU.c"

void THIS_IS_GNU();

Determining if the C++ compiler is GNU succeeded with the following output:
# 1 "/usr/share/CMake/Modules/CMakeTestGNU.c"
# 1 "<interno>"
# 1 "<l\355nea de orden>"
# 1 "/usr/share/CMake/Modules/CMakeTestGNU.c"

void THIS_IS_GNU();

Determining if the C compiler works passed with the following output:


Determining if the CXX compiler works passed with the following output:


The system is: Linux - 2.4.27-1-386 - i686
Determining if the C compiler is GNU succeeded with the following output:
# 1 "/usr/share/CMake/Modules/CMakeTestGNU.c"
# 1 "<interno>"
# 1 "<l\355nea de orden>"
# 1 "/usr/share/CMake/Modules/CMakeTestGNU.c"

void THIS_IS_GNU();

Determining if the C++ compiler is GNU succeeded with the following output:
# 1 "/usr/share/CMake/Modules/CMakeTestGNU.c"
# 1 "<interno>"
# 1 "<l\355nea de orden>"
# 1 "/usr/share/CMake/Modules/CMakeTestGNU.c"

void THIS_IS_GNU();

Determining if the C compiler works passed with the following output:


Determining if the CXX compiler works passed with the following output:


The system is: Linux - 2.4.27-1-386 - i686
Determining if the C compiler is GNU succeeded with the following output:
# 1 "/usr/share/CMake/Modules/CMakeTestGNU.c"
# 1 "<interno>"
# 1 "<l\355nea de orden>"
# 1 "/usr/share/CMake/Modules/CMakeTestGNU.c"

void THIS_IS_GNU();

Determining if the C++ compiler is GNU succeeded with the following output:
# 1 "/usr/share/CMake/Modules/CMakeTestGNU.c"
# 1 "<interno>"
# 1 "<l\355nea de orden>"
# 1 "/usr/share/CMake/Modules/CMakeTestGNU.c"

void THIS_IS_GNU();

Determining if the C compiler works passed with the following output:


Determining if the CXX compiler works passed with the following output:


The system is: Linux - 2.4.27-1-386 - i686
Determining if the C compiler is GNU succeeded with the following output:
# 1 "/usr/share/CMake/Modules/CMakeTestGNU.c"
# 1 "<interno>"
# 1 "<l\355nea de orden>"
# 1 "/usr/share/CMake/Modules/CMakeTestGNU.c"

void THIS_IS_GNU();

Determining if the C++ compiler is GNU succeeded with the following output:
# 1 "/usr/share/CMake/Modules/CMakeTestGNU.c"
# 1 "<interno>"
# 1 "<l\355nea de orden>"
# 1 "/usr/share/CMake/Modules/CMakeTestGNU.c"

void THIS_IS_GNU();

Determining if the C compiler works passed with the following output:


Determining if the CXX compiler works passed with the following output:


The system is: Linux - 2.4.27-1-386 - i686
Determining if the C compiler is GNU succeeded with the following output:
# 1 "/usr/share/CMake/Modules/CMakeTestGNU.c"
# 1 "<interno>"
# 1 "<l\355nea de orden>"
# 1 "/usr/share/CMake/Modules/CMakeTestGNU.c"

void THIS_IS_GNU();

Determining if the C++ compiler is GNU succeeded with the following output:
# 1 "/usr/share/CMake/Modules/CMakeTestGNU.c"
# 1 "<interno>"
# 1 "<l\355nea de orden>"
# 1 "/usr/share/CMake/Modules/CMakeTestGNU.c"

void THIS_IS_GNU();

Determining if the C compiler works passed with the following output:


Determining if the CXX compiler works passed with the following output:


The system is: Linux - 2.4.27-1-386 - i686
Determining if the C compiler is GNU succeeded with the following output:
# 1 "/usr/share/CMake/Modules/CMakeTestGNU.c"
# 1 "<interno>"
# 1 "<l\355nea de orden>"
# 1 "/usr/share/CMake/Modules/CMakeTestGNU.c"

void THIS_IS_GNU();

Determining if the C++ compiler is GNU succeeded with the following output:
# 1 "/usr/share/CMake/Modules/CMakeTestGNU.c"
# 1 "<interno>"
# 1 "<l\355nea de orden>"
# 1 "/usr/share/CMake/Modules/CMakeTestGNU.c"

void THIS_IS_GNU();

Determining if the C compiler works passed with the following output:


Determining if the CXX compiler works passed with the following output:


The system is: Linux - 2.4.27-1-386 - i686
Determining if the C compiler is GNU succeeded with the following output:
# 1 "/usr/share/CMake/Modules/CMakeTestGNU.c"
# 1 "<interno>"
# 1 "<l\355nea de orden>"
# 1 "/usr/share/CMake/Modules/CMakeTestGNU.c"

void THIS_IS_GNU();

Determining if the C++ compiler is GNU succeeded with the following output:
# 1 "/usr/share/CMake/Modules/CMakeTestGNU.c"
# 1 "<interno>"
# 1 "<l\355nea de orden>"
# 1 "/usr/share/CMake/Modules/CMakeTestGNU.c"

void THIS_IS_GNU();

Determining if the C compiler works passed with the following output:


Determining if the CXX compiler works passed with the following output:


The system is: Linux - 2.4.27-1-386 - i686
Determining if the C compiler is GNU succeeded with the following output:
# 1 "/usr/share/CMake/Modules/CMakeTestGNU.c"
# 1 "<interno>"
# 1 "<l\355nea de orden>"
# 1 "/usr/share/CMake/Modules/CMakeTestGNU.c"

void THIS_IS_GNU();

Determining if the C++ compiler is GNU succeeded with the following output:
# 1 "/usr/share/CMake/Modules/CMakeTestGNU.c"
# 1 "<interno>"
# 1 "<l\355nea de orden>"
# 1 "/usr/share/CMake/Modules/CMakeTestGNU.c"

void THIS_IS_GNU();

Determining if the C compiler works passed with the following output:


Determining if the CXX compiler works passed with the following output:


The system is: Linux - 2.4.27-1-386 - i686
Determining if the C compiler is GNU succeeded with the following output:
# 1 "/usr/share/CMake/Modules/CMakeTestGNU.c"
# 1 "<interno>"
# 1 "<l\355nea de orden>"
# 1 "/usr/share/CMake/Modules/CMakeTestGNU.c"

void THIS_IS_GNU();

Determining if the C++ compiler is GNU succeeded with the following output:
# 1 "/usr/share/CMake/Modules/CMakeTestGNU.c"
# 1 "<interno>"
# 1 "<l\355nea de orden>"
# 1 "/usr/share/CMake/Modules/CMakeTestGNU.c"

void THIS_IS_GNU();

Determining if the C compiler works passed with the following output:


Determining if the CXX compiler works passed with the following output:


The system is: Linux - 2.4.27-1-386 - i686
Determining if the C compiler is GNU succeeded with the following output:
# 1 "/usr/share/CMake/Modules/CMakeTestGNU.c"
# 1 "<interno>"
# 1 "<l\355nea de orden>"
# 1 "/usr/share/CMake/Modules/CMakeTestGNU.c"

void THIS_IS_GNU();

Determining if the C++ compiler is GNU succeeded with the following output:
# 1 "/usr/share/CMake/Modules/CMakeTestGNU.c"
# 1 "<interno>"
# 1 "<l\355nea de orden>"
# 1 "/usr/share/CMake/Modules/CMakeTestGNU.c"

void THIS_IS_GNU();

Determining if the C compiler works passed with the following output:


Determining if the CXX compiler works passed with the following output:


The system is: Linux - 2.4.27-1-386 - i686
Determining if the C compiler is GNU succeeded with the following output:
# 1 "/usr/share/CMake/Modules/CMakeTestGNU.c"
# 1 "<interno>"
# 1 "<l\355nea de orden>"
# 1 "/usr/share/CMake/Modules/CMakeTestGNU.c"

void THIS_IS_GNU();

Determining if the C++ compiler is GNU succeeded with the following output:
# 1 "/usr/share/CMake/Modules/CMakeTestGNU.c"
# 1 "<interno>"
# 1 "<l\355nea de orden>"
# 1 "/usr/share/CMake/Modules/CMakeTestGNU.c"

void THIS_IS_GNU();

Determining if the C compiler works passed with the following output:


Determining if the CXX compiler works passed with the following output:


The system is: Linux - 2.4.27-1-386 - i686
Determining if the C compiler is GNU succeeded with the following output:
# 1 "/usr/share/CMake/Modules/CMakeTestGNU.c"
# 1 "<interno>"
# 1 "<l\355nea de orden>"
# 1 "/usr/share/CMake/Modules/CMakeTestGNU.c"

void THIS_IS_GNU();

Determining if the C++ compiler is GNU succeeded with the following output:
# 1 "/usr/share/CMake/Modules/CMakeTestGNU.c"
# 1 "<interno>"
# 1 "<l\355nea de orden>"
# 1 "/usr/share/CMake/Modules/CMakeTestGNU.c"

void THIS_IS_GNU();

Determining if the C compiler works passed with the following output:


Determining if the CXX compiler works passed with the following output:


The system is: Linux - 2.4.27-1-386 - i686
Determining if the C compiler is GNU succeeded with the following output:
# 1 "/usr/share/CMake/Modules/CMakeTestGNU.c"
# 1 "<interno>"
# 1 "<l\355nea de orden>"
# 1 "/usr/share/CMake/Modules/CMakeTestGNU.c"

void THIS_IS_GNU();

Determining if the C++ compiler is GNU succeeded with the following output:
# 1 "/usr/share/CMake/Modules/CMakeTestGNU.c"
# 1 "<interno>"
# 1 "<l\355nea de orden>"
# 1 "/usr/share/CMake/Modules/CMakeTestGNU.c"

void THIS_IS_GNU();

Determining if the C compiler works passed with the following output:


Determining if the CXX compiler works passed with the following output:


The system is: Linux - 2.4.27-1-386 - i686
Determining if the C compiler is GNU succeeded with the following output:
# 1 "/usr/share/CMake/Modules/CMakeTestGNU.c"
# 1 "<interno>"
# 1 "<l\355nea de orden>"
# 1 "/usr/share/CMake/Modules/CMakeTestGNU.c"

void THIS_IS_GNU();

Determining if the C++ compiler is GNU succeeded with the following output:
# 1 "/usr/share/CMake/Modules/CMakeTestGNU.c"
# 1 "<interno>"
# 1 "<l\355nea de orden>"
# 1 "/usr/share/CMake/Modules/CMakeTestGNU.c"

void THIS_IS_GNU();

Determining if the C compiler works passed with the following output:


Determining if the CXX compiler works passed with the following output:


The system is: Linux - 2.4.27-1-386 - i686
Determining if the C compiler is GNU succeeded with the following output:
# 1 "/usr/share/CMake/Modules/CMakeTestGNU.c"
# 1 "<interno>"
# 1 "<l\355nea de orden>"
# 1 "/usr/share/CMake/Modules/CMakeTestGNU.c"

void THIS_IS_GNU();

Determining if the C++ compiler is GNU succeeded with the following output:
# 1 "/usr/share/CMake/Modules/CMakeTestGNU.c"
# 1 "<interno>"
# 1 "<l\355nea de orden>"
# 1 "/usr/share/CMake/Modules/CMakeTestGNU.c"

void THIS_IS_GNU();

Determining if the C compiler works passed with the following output:


Determining if the CXX compiler works passed with the following output:


The system is: Linux - 2.4.27-1-386 - i686
Determining if the C compiler is GNU succeeded with the following output:
# 1 "/usr/share/CMake/Modules/CMakeTestGNU.c"
# 1 "<interno>"
# 1 "<l\355nea de orden>"
# 1 "/usr/share/CMake/Modules/CMakeTestGNU.c"

void THIS_IS_GNU();

Determining if the C++ compiler is GNU succeeded with the following output:
# 1 "/usr/share/CMake/Modules/CMakeTestGNU.c"
# 1 "<interno>"
# 1 "<l\355nea de orden>"
# 1 "/usr/share/CMake/Modules/CMakeTestGNU.c"

void THIS_IS_GNU();

Determining if the C compiler works passed with the following output:


Determining if the CXX compiler works passed with the following output:


The system is: Linux - 2.4.27-1-386 - i686
Determining if the C compiler is GNU succeeded with the following output:
# 1 "/usr/share/CMake/Modules/CMakeTestGNU.c"
# 1 "<interno>"
# 1 "<l\355nea de orden>"
# 1 "/usr/share/CMake/Modules/CMakeTestGNU.c"

void THIS_IS_GNU();

Determining if the C++ compiler is GNU succeeded with the following output:
# 1 "/usr/share/CMake/Modules/CMakeTestGNU.c"
# 1 "<interno>"
# 1 "<l\355nea de orden>"
# 1 "/usr/share/CMake/Modules/CMakeTestGNU.c"

void THIS_IS_GNU();

Determining if the C compiler works passed with the following output:


Determining if the CXX compiler works passed with the following output:


The system is: Linux - 2.4.27-1-386 - i686
Determining if the C compiler is GNU succeeded with the following output:
# 1 "/usr/share/CMake/Modules/CMakeTestGNU.c"
# 1 "<interno>"
# 1 "<l\355nea de orden>"
# 1 "/usr/share/CMake/Modules/CMakeTestGNU.c"

void THIS_IS_GNU();

Determining if the C++ compiler is GNU succeeded with the following output:
# 1 "/usr/share/CMake/Modules/CMakeTestGNU.c"
# 1 "<interno>"
# 1 "<l\355nea de orden>"
# 1 "/usr/share/CMake/Modules/CMakeTestGNU.c"

void THIS_IS_GNU();

Determining if the C compiler works passed with the following output:


Determining if the CXX compiler works passed with the following output:


The system is: Linux - 2.4.27-1-386 - i686
Determining if the C compiler is GNU succeeded with the following output:
# 1 "/usr/share/CMake/Modules/CMakeTestGNU.c"
# 1 "<interno>"
# 1 "<l\355nea de orden>"
# 1 "/usr/share/CMake/Modules/CMakeTestGNU.c"

void THIS_IS_GNU();

Determining if the C++ compiler is GNU succeeded with the following output:
# 1 "/usr/share/CMake/Modules/CMakeTestGNU.c"
# 1 "<interno>"
# 1 "<l\355nea de orden>"
# 1 "/usr/share/CMake/Modules/CMakeTestGNU.c"

void THIS_IS_GNU();

Determining if the C compiler works passed with the following output:


Determining if the CXX compiler works passed with the following output:


The system is: Linux - 2.4.27-1-386 - i686
Determining if the C compiler is GNU succeeded with the following output:
# 1 "/usr/share/CMake/Modules/CMakeTestGNU.c"
# 1 "<interno>"
# 1 "<l\355nea de orden>"
# 1 "/usr/share/CMake/Modules/CMakeTestGNU.c"

void THIS_IS_GNU();

Determining if the C++ compiler is GNU succeeded with the following output:
# 1 "/usr/share/CMake/Modules/CMakeTestGNU.c"
# 1 "<interno>"
# 1 "<l\355nea de orden>"
# 1 "/usr/share/CMake/Modules/CMakeTestGNU.c"

void THIS_IS_GNU();

Determining if the C compiler works passed with the following output:


Determining if the CXX compiler works passed with the following output:


The system is: Linux - 2.4.27-1-386 - i686
Determining if the C compiler is GNU succeeded with the following output:
# 1 "/usr/share/CMake/Modules/CMakeTestGNU.c"
# 1 "<interno>"
# 1 "<l\355nea de orden>"
# 1 "/usr/share/CMake/Modules/CMakeTestGNU.c"

void THIS_IS_GNU();

Determining if the C++ compiler is GNU succeeded with the following output:
# 1 "/usr/share/CMake/Modules/CMakeTestGNU.c"
# 1 "<interno>"
# 1 "<l\355nea de orden>"
# 1 "/usr/share/CMake/Modules/CMakeTestGNU.c"

void THIS_IS_GNU();

Determining if the C compiler works passed with the following output:


Determining if the CXX compiler works passed with the following output:


The system is: Linux - 2.4.27-1-386 - i686
Determining if the C compiler is GNU succeeded with the following output:
# 1 "/usr/share/CMake/Modules/CMakeTestGNU.c"
# 1 "<interno>"
# 1 "<l\355nea de orden>"
# 1 "/usr/share/CMake/Modules/CMakeTestGNU.c"

void THIS_IS_GNU();

Determining if the C++ compiler is GNU succeeded with the following output:
# 1 "/usr/share/CMake/Modules/CMakeTestGNU.c"
# 1 "<interno>"
# 1 "<l\355nea de orden>"
# 1 "/usr/share/CMake/Modules/CMakeTestGNU.c"

void THIS_IS_GNU();

Determining if the C compiler works passed with the following output:


Determining if the CXX compiler works passed with the following output:


The system is: Linux - 2.4.27-1-386 - i686
Determining if the C compiler is GNU succeeded with the following output:
# 1 "/usr/share/CMake/Modules/CMakeTestGNU.c"
# 1 "<interno>"
# 1 "<l\355nea de orden>"
# 1 "/usr/share/CMake/Modules/CMakeTestGNU.c"

void THIS_IS_GNU();

Determining if the C++ compiler is GNU succeeded with the following output:
# 1 "/usr/share/CMake/Modules/CMakeTestGNU.c"
# 1 "<interno>"
# 1 "<l\355nea de orden>"
# 1 "/usr/share/CMake/Modules/CMakeTestGNU.c"

void THIS_IS_GNU();

Determining if the C compiler works passed with the following output:


Determining if the CXX compiler works passed with the following output:


The system is: Linux - 2.4.27-1-386 - i686
Determining if the C compiler is GNU succeeded with the following output:
# 1 "/usr/share/CMake/Modules/CMakeTestGNU.c"
# 1 "<interno>"
# 1 "<l\355nea de orden>"
# 1 "/usr/share/CMake/Modules/CMakeTestGNU.c"

void THIS_IS_GNU();

Determining if the C++ compiler is GNU succeeded with the following output:
# 1 "/usr/share/CMake/Modules/CMakeTestGNU.c"
# 1 "<interno>"
# 1 "<l\355nea de orden>"
# 1 "/usr/share/CMake/Modules/CMakeTestGNU.c"

void THIS_IS_GNU();

Determining if the C compiler works passed with the following output:


Determining if the CXX compiler works passed with the following output:


The system is: Linux - 2.4.27-1-386 - i686
Determining if the C compiler is GNU succeeded with the following output:
# 1 "/usr/share/CMake/Modules/CMakeTestGNU.c"
# 1 "<interno>"
# 1 "<l\355nea de orden>"
# 1 "/usr/share/CMake/Modules/CMakeTestGNU.c"

void THIS_IS_GNU();

Determining if the C++ compiler is GNU succeeded with the following output:
# 1 "/usr/share/CMake/Modules/CMakeTestGNU.c"
# 1 "<interno>"
# 1 "<l\355nea de orden>"
# 1 "/usr/share/CMake/Modules/CMakeTestGNU.c"

void THIS_IS_GNU();

Determining if the C compiler works passed with the following output:


Determining if the CXX compiler works passed with the following output:


The system is: Linux - 2.4.27-1-386 - i686
Determining if the C compiler is GNU succeeded with the following output:
# 1 "/usr/share/CMake/Modules/CMakeTestGNU.c"
# 1 "<interno>"
# 1 "<l\355nea de orden>"
# 1 "/usr/share/CMake/Modules/CMakeTestGNU.c"

void THIS_IS_GNU();

Determining if the C++ compiler is GNU succeeded with the following output:
# 1 "/usr/share/CMake/Modules/CMakeTestGNU.c"
# 1 "<interno>"
# 1 "<l\355nea de orden>"
# 1 "/usr/share/CMake/Modules/CMakeTestGNU.c"

void THIS_IS_GNU();

Determining if the C compiler works passed with the following output:


Determining if the CXX compiler works passed with the following output:


The system is: Linux - 2.4.27-1-386 - i686
Determining if the C compiler is GNU succeeded with the following output:
# 1 "/usr/share/CMake/Modules/CMakeTestGNU.c"
# 1 "<interno>"
# 1 "<l\355nea de orden>"
# 1 "/usr/share/CMake/Modules/CMakeTestGNU.c"

void THIS_IS_GNU();

Determining if the C++ compiler is GNU succeeded with the following output:
# 1 "/usr/share/CMake/Modules/CMakeTestGNU.c"
# 1 "<interno>"
# 1 "<l\355nea de orden>"
# 1 "/usr/share/CMake/Modules/CMakeTestGNU.c"

void THIS_IS_GNU();

Determining if the C compiler works passed with the following output:


Determining if the CXX compiler works passed with the following output:


The system is: Linux - 2.4.27-1-386 - i686
Determining if the C compiler is GNU succeeded with the following output:
# 1 "/usr/share/CMake/Modules/CMakeTestGNU.c"
# 1 "<interno>"
# 1 "<l\355nea de orden>"
# 1 "/usr/share/CMake/Modules/CMakeTestGNU.c"

void THIS_IS_GNU();

Determining if the C++ compiler is GNU succeeded with the following output:
# 1 "/usr/share/CMake/Modules/CMakeTestGNU.c"
# 1 "<interno>"
# 1 "<l\355nea de orden>"
# 1 "/usr/share/CMake/Modules/CMakeTestGNU.c"

void THIS_IS_GNU();

Determining if the C compiler works passed with the following output:


Determining if the CXX compiler works passed with the following output:


The system is: Linux - 2.4.27-1-386 - i686
Determining if the C compiler is GNU succeeded with the following output:
# 1 "/usr/share/CMake/Modules/CMakeTestGNU.c"
# 1 "<interno>"
# 1 "<l\355nea de orden>"
# 1 "/usr/share/CMake/Modules/CMakeTestGNU.c"

void THIS_IS_GNU();

Determining if the C++ compiler is GNU succeeded with the following output:
# 1 "/usr/share/CMake/Modules/CMakeTestGNU.c"
# 1 "<interno>"
# 1 "<l\355nea de orden>"
# 1 "/usr/share/CMake/Modules/CMakeTestGNU.c"

void THIS_IS_GNU();

Determining if the C compiler works passed with the following output:


Determining if the CXX compiler works passed with the following output:


The system is: Linux - 2.4.27-1-386 - i686
Determining if the C compiler is GNU succeeded with the following output:
# 1 "/usr/share/CMake/Modules/CMakeTestGNU.c"
# 1 "<interno>"
# 1 "<l\355nea de orden>"
# 1 "/usr/share/CMake/Modules/CMakeTestGNU.c"

void THIS_IS_GNU();

Determining if the C++ compiler is GNU succeeded with the following output:
# 1 "/usr/share/CMake/Modules/CMakeTestGNU.c"
# 1 "<interno>"
# 1 "<l\355nea de orden>"
# 1 "/usr/share/CMake/Modules/CMakeTestGNU.c"

void THIS_IS_GNU();

Determining if the C compiler works passed with the following output:


Determining if the CXX compiler works passed with the following output:


The system is: Linux - 2.4.27-1-386 - i686
Determining if the C compiler is GNU succeeded with the following output:
# 1 "/usr/share/CMake/Modules/CMakeTestGNU.c"
# 1 "<interno>"
# 1 "<l\355nea de orden>"
# 1 "/usr/share/CMake/Modules/CMakeTestGNU.c"

void THIS_IS_GNU();

Determining if the C++ compiler is GNU succeeded with the following output:
# 1 "/usr/share/CMake/Modules/CMakeTestGNU.c"
# 1 "<interno>"
# 1 "<l\355nea de orden>"
# 1 "/usr/share/CMake/Modules/CMakeTestGNU.c"

void THIS_IS_GNU();

Determining if the C compiler works passed with the following output:
Building object file testCCompiler.o...
gcc -o testCCompiler.o             -c /home/reny/slicer2/Modules/vtkPacs/CMakeTmp/testCCompiler.c
Building executable /home/reny/slicer2/Modules/vtkPacs/CMakeTmp/cmTryCompileExec...
gcc             -fPIC  testCCompiler.o    -o /home/reny/slicer2/Modules/vtkPacs/CMakeTmp/cmTryCompileExec -rdynamic 


Determining if the CXX compiler works passed with the following output:
Building object file testCXXCompiler.o...
c++ -o testCXXCompiler.o             -c /home/reny/slicer2/Modules/vtkPacs/CMakeTmp/testCXXCompiler.cxx
Building executable /home/reny/slicer2/Modules/vtkPacs/CMakeTmp/cmTryCompileExec...
c++              -fPIC  testCXXCompiler.o    -o /home/reny/slicer2/Modules/vtkPacs/CMakeTmp/cmTryCompileExec -rdynamic 


The system is: Linux - 2.4.27-1-386 - i686
Determining if the C compiler is GNU succeeded with the following output:
# 1 "/usr/share/CMake/Modules/CMakeTestGNU.c"
# 1 "<interno>"
# 1 "<l\355nea de orden>"
# 1 "/usr/share/CMake/Modules/CMakeTestGNU.c"

void THIS_IS_GNU();

Determining if the C++ compiler is GNU succeeded with the following output:
# 1 "/usr/share/CMake/Modules/CMakeTestGNU.c"
# 1 "<interno>"
# 1 "<l\355nea de orden>"
# 1 "/usr/share/CMake/Modules/CMakeTestGNU.c"

void THIS_IS_GNU();

Determining if the C compiler works passed with the following output:


Determining if the CXX compiler works passed with the following output:


The system is: Linux - 2.4.27-1-386 - i686
Determining if the C compiler is GNU succeeded with the following output:
# 1 "/usr/share/CMake/Modules/CMakeTestGNU.c"
# 1 "<interno>"
# 1 "<l\355nea de orden>"
# 1 "/usr/share/CMake/Modules/CMakeTestGNU.c"

void THIS_IS_GNU();

Determining if the C++ compiler is GNU succeeded with the following output:
# 1 "/usr/share/CMake/Modules/CMakeTestGNU.c"
# 1 "<interno>"
# 1 "<l\355nea de orden>"
# 1 "/usr/share/CMake/Modules/CMakeTestGNU.c"

void THIS_IS_GNU();

Determining if the C compiler works passed with the following output:


Determining if the CXX compiler works passed with the following output:


The system is: Linux - 2.4.27-1-386 - i686
Determining if the C compiler is GNU succeeded with the following output:
# 1 "/usr/share/CMake/Modules/CMakeTestGNU.c"
# 1 "<interno>"
# 1 "<l\355nea de orden>"
# 1 "/usr/share/CMake/Modules/CMakeTestGNU.c"

void THIS_IS_GNU();

Determining if the C++ compiler is GNU succeeded with the following output:
# 1 "/usr/share/CMake/Modules/CMakeTestGNU.c"
# 1 "<interno>"
# 1 "<l\355nea de orden>"
# 1 "/usr/share/CMake/Modules/CMakeTestGNU.c"

void THIS_IS_GNU();

Determining if the C compiler works passed with the following output:


Determining if the CXX compiler works passed with the following output:


The system is: Linux - 2.4.27-1-386 - i686
Determining if the C compiler is GNU succeeded with the following output:
# 1 "/usr/share/CMake/Modules/CMakeTestGNU.c"
# 1 "<interno>"
# 1 "<l\355nea de orden>"
# 1 "/usr/share/CMake/Modules/CMakeTestGNU.c"

void THIS_IS_GNU();

Determining if the C++ compiler is GNU succeeded with the following output:
# 1 "/usr/share/CMake/Modules/CMakeTestGNU.c"
# 1 "<interno>"
# 1 "<l\355nea de orden>"
# 1 "/usr/share/CMake/Modules/CMakeTestGNU.c"

void THIS_IS_GNU();

Determining if the C compiler works passed with the following output:


Determining if the CXX compiler works passed with the following output:


