The system is: Windows - 5.1 - x86
Determining if the C compiler works passed with the following output:

Microsoft (R) Development Environment  Version 7.10.6030.
Copyright (C) Microsoft Corp 1984-2001. All rights reserved.
------ Build started: Project: cmTryCompileExec, Configuration: Debug Win32 ------

Compiling...
Microsoft (R) 32-bit C/C++ Optimizing Compiler Version 13.10.6030 for 80x86
Copyright (C) Microsoft Corporation 1984-2002. All rights reserved.
cl /Od /D "_MBCS" /FD /RTCs /MDd /GS /Fo"cmTryCompileExec.dir\Debug\\" /Fd"Debug/cmTryCompileExec.pdb" /W3 /c /Zi /TC    /DWIN32 /D_WINDOWS  /Zm1000   /D_DEBUG        -DCMAKE_INTDIR=\"Debug\"
   .\testCCompiler.c
testCCompiler.c
Linking...
Microsoft (R) Incremental Linker Version 7.10.6030
Copyright (C) Microsoft Corporation.  All rights reserved.
"/OUT:Debug\cmTryCompileExec.exe" /INCREMENTAL /DEBUG "/PDB:Debug\cmTryCompileExec.pdb" /SUBSYSTEM:CONSOLE /STACK:10000000 /machine:I386 /debug kernel32.lib user32.lib gdi32.lib winspool.lib comdlg32.lib advapi32.lib shell32.lib ole32.lib oleaut32.lib uuid.lib odbc32.lib odbccp32.lib 
.\cmtrycompileexec.dir\debug\testCCompiler.obj 
 
Build log was saved at "file://d:\research\ExternalPackages\slicer2\Modules\vtkRuleBasedSegmentation\builds\win32\CMakeFiles\CMakeTmp\cmTryCompileExec.dir\Debug\BuildLog.htm" 
cmTryCompileExec - 0 error(s), 0 warning(s) 


---------------------- Done ----------------------

    Build: 1 succeeded, 0 failed, 0 skipped
 



Determining size of void* passed with the following output:

Microsoft (R) Development Environment  Version 7.10.6030.
Copyright (C) Microsoft Corp 1984-2001. All rights reserved.
------ Build started: Project: cmTryCompileExec, Configuration: Debug Win32 ------

Compiling...
Microsoft (R) 32-bit C/C++ Optimizing Compiler Version 13.10.6030 for 80x86
Copyright (C) Microsoft Corporation 1984-2002. All rights reserved.
cl /Od /D "_MBCS" /FD /RTCs /MDd /GS /Fo"cmTryCompileExec.dir\Debug\\" /Fd"Debug/cmTryCompileExec.pdb" /W3 /c /Zi /TC    /DWIN32 /D_WINDOWS  /Zm1000   /D_DEBUG        -DCMAKE_INTDIR=\"Debug\"
   .\CheckTypeSize.c
CheckTypeSize.c
Linking...
Microsoft (R) Incremental Linker Version 7.10.6030
Copyright (C) Microsoft Corporation.  All rights reserved.
"/OUT:Debug\cmTryCompileExec.exe" /INCREMENTAL /DEBUG "/PDB:Debug\cmTryCompileExec.pdb" /SUBSYSTEM:CONSOLE /STACK:10000000 /machine:I386 /debug kernel32.lib user32.lib gdi32.lib winspool.lib comdlg32.lib advapi32.lib shell32.lib ole32.lib oleaut32.lib uuid.lib odbc32.lib odbccp32.lib 
.\cmTryCompileExec.dir\Debug\CheckTypeSize.obj 
 
Build log was saved at "file://d:\research\ExternalPackages\slicer2\Modules\vtkRuleBasedSegmentation\builds\win32\CMakeFiles\CMakeTmp\cmTryCompileExec.dir\Debug\BuildLog.htm" 
cmTryCompileExec - 0 error(s), 0 warning(s) 


---------------------- Done ----------------------

    Build: 1 succeeded, 0 failed, 0 skipped
 



Determining if the CXX compiler works passed with the following output:

Microsoft (R) Development Environment  Version 7.10.6030.
Copyright (C) Microsoft Corp 1984-2001. All rights reserved.
------ Build started: Project: cmTryCompileExec, Configuration: Debug Win32 ------

Compiling...
Microsoft (R) 32-bit C/C++ Optimizing Compiler Version 13.10.6030 for 80x86
Copyright (C) Microsoft Corporation 1984-2002. All rights reserved.
cl /Od /D "_MBCS" /FD /EHsc /RTCs /MDd /GS /GR /Fo"cmTryCompileExec.dir\Debug\\" /Fd"Debug/cmTryCompileExec.pdb" /W3 /c /Zi /TP    /DWIN32 /D_WINDOWS  /Zm1000     /D_DEBUG         -DCMAKE_INTDIR=\"Debug\"
   .\testCXXCompiler.cxx
testCXXCompiler.cxx
Linking...
Microsoft (R) Incremental Linker Version 7.10.6030
Copyright (C) Microsoft Corporation.  All rights reserved.
"/OUT:Debug\cmTryCompileExec.exe" /INCREMENTAL /DEBUG "/PDB:Debug\cmTryCompileExec.pdb" /SUBSYSTEM:CONSOLE /STACK:10000000 /STACK:10000000 /machine:I386 /debug kernel32.lib user32.lib gdi32.lib winspool.lib comdlg32.lib advapi32.lib shell32.lib ole32.lib oleaut32.lib uuid.lib odbc32.lib odbccp32.lib 
.\cmTryCompileExec.dir\Debug\testCXXCompiler.obj 
 
Build log was saved at "file://d:\research\ExternalPackages\slicer2\Modules\vtkRuleBasedSegmentation\builds\win32\CMakeFiles\CMakeTmp\cmTryCompileExec.dir\Debug\BuildLog.htm" 
cmTryCompileExec - 0 error(s), 0 warning(s) 


---------------------- Done ----------------------

    Build: 1 succeeded, 0 failed, 0 skipped
 



