The system is: Linux - 2.6.9-5.0.5.EL - i686
Determining if the C compiler is GNU succeeded with the following output:
# 1 "/local/bin/slicer2/Lib/linux-x86/CMake/Modules/CMakeTestGNU.c"
# 1 "<built-in>"
# 1 "<command line>"
# 1 "/local/bin/slicer2/Lib/linux-x86/CMake/Modules/CMakeTestGNU.c"

void THIS_IS_GNU();

Determining if the C++ compiler is GNU succeeded with the following output:
# 1 "/local/bin/slicer2/Lib/linux-x86/CMake/Modules/CMakeTestGNU.c"
# 1 "<built-in>"
# 1 "<command line>"
# 1 "/local/bin/slicer2/Lib/linux-x86/CMake/Modules/CMakeTestGNU.c"

void THIS_IS_GNU();

Determining if the C compiler works passed with the following output:
/usr/bin/gmake -f CMakeFiles/cmTryCompileExec.dir/build.make CMakeFiles/cmTryCompileExec.dir/build
gmake[1]: Entering directory `/local/bin/slicer2/Modules/vtkRuleBasedSegmentation/builds/linux-x86/CMakeFiles/CMakeTmp'
Building C object CMakeFiles/cmTryCompileExec.dir/testCCompiler.o
/usr/bin/gcc  -O2      -o CMakeFiles/cmTryCompileExec.dir/testCCompiler.o   -c /local/bin/slicer2/Modules/vtkRuleBasedSegmentation/builds/linux-x86/CMakeFiles/CMakeTmp/testCCompiler.c
Linking C executable cmTryCompileExec
/local/bin/slicer2/Lib/linux-x86/CMake-build/bin/cmake -P CMakeFiles/cmTryCompileExec.dir/cmake_clean_target.cmake
/usr/bin/gcc   -O2     -fPIC "CMakeFiles/cmTryCompileExec.dir/testCCompiler.o"   -o cmTryCompileExec -rdynamic 
gmake[1]: Leaving directory `/local/bin/slicer2/Modules/vtkRuleBasedSegmentation/builds/linux-x86/CMakeFiles/CMakeTmp'


Determining size of void* passed with the following output:
/usr/bin/gmake -f CMakeFiles/cmTryCompileExec.dir/build.make CMakeFiles/cmTryCompileExec.dir/build
gmake[1]: Entering directory `/local/bin/slicer2/Modules/vtkRuleBasedSegmentation/builds/linux-x86/CMakeFiles/CMakeTmp'
Building C object CMakeFiles/cmTryCompileExec.dir/CheckTypeSize.o
/usr/bin/gcc  -O2      -o CMakeFiles/cmTryCompileExec.dir/CheckTypeSize.o   -c /local/bin/slicer2/Modules/vtkRuleBasedSegmentation/builds/linux-x86/CMakeFiles/CMakeTmp/CheckTypeSize.c
Linking C executable cmTryCompileExec
/local/bin/slicer2/Lib/linux-x86/CMake-build/bin/cmake -P CMakeFiles/cmTryCompileExec.dir/cmake_clean_target.cmake
/usr/bin/gcc   -O2     -fPIC "CMakeFiles/cmTryCompileExec.dir/CheckTypeSize.o"   -o cmTryCompileExec -rdynamic 
gmake[1]: Leaving directory `/local/bin/slicer2/Modules/vtkRuleBasedSegmentation/builds/linux-x86/CMakeFiles/CMakeTmp'


Determining if the CXX compiler works passed with the following output:
/usr/bin/gmake -f CMakeFiles/cmTryCompileExec.dir/build.make CMakeFiles/cmTryCompileExec.dir/build
gmake[1]: Entering directory `/local/bin/slicer2/Modules/vtkRuleBasedSegmentation/builds/linux-x86/CMakeFiles/CMakeTmp'
Building CXX object CMakeFiles/cmTryCompileExec.dir/testCXXCompiler.o
/usr/bin/c++   -O2      -o CMakeFiles/cmTryCompileExec.dir/testCXXCompiler.o -c /local/bin/slicer2/Modules/vtkRuleBasedSegmentation/builds/linux-x86/CMakeFiles/CMakeTmp/testCXXCompiler.cxx
Linking CXX executable cmTryCompileExec
/local/bin/slicer2/Lib/linux-x86/CMake-build/bin/cmake -P CMakeFiles/cmTryCompileExec.dir/cmake_clean_target.cmake
/usr/bin/c++    -O2     -fPIC "CMakeFiles/cmTryCompileExec.dir/testCXXCompiler.o"   -o cmTryCompileExec -rdynamic 
gmake[1]: Leaving directory `/local/bin/slicer2/Modules/vtkRuleBasedSegmentation/builds/linux-x86/CMakeFiles/CMakeTmp'


